<?xml version="1.0" encoding="UTF-8"?>
<testsuite name="TestRunner" tests="2" skipped="0" failures="0" errors="0" timestamp="2022-08-19T20:45:37" hostname="DESKTOP-89MA6E5" time="9.935">
  <properties/>
  <testcase name="doLogin" classname="TestRunner" time="6.296"/>
  <testcase name="getUserData" classname="TestRunner" time="3.639"/>
  <system-out><![CDATA[eyJhbGciOiJIUzI1NiIsInR5cCI6IkpXVCJ9.eyJlbWFpbCI6ImZvcmF6aUBnbWFpbC5jb20iLCJwYXNzd29yZCI6IjEyMzQiLCJpYXQiOjE2NjA5NDE5NDEsImV4cCI6MTY2MDk0Mzc0MX0.EuT-HhUowxAROvHQC3z-Ojt9_Y7wazUN4fdgIr1RpYI
[Diane Schultz, Rasel, Jose Hane I, Hope Pouros, Clifton DuBuque, Miguel Gleason, Akram Uddin, Madeline Prosacco, Sergio Hoppe, Sabbiri, Utshow, Raymond Windler, Kathryn Aufderhar, Peter Wilderman, Latoya Parker, Ms. Alfredo Anderson, Salman Rahman, Travis Auer, Mrs. Alan Schmidt, Sylvia Stroman, Bill Feest, Phillip Leffler, Naomi Smitham, Janis McClure, Kathleen Kuphal DVM, Juana Reynolds, Warren Beer, AVS, aa, abid, Armani, Loyal, Cooper, Katrine, Mike Rohan, Carlotta, Rolando Treutel, Brenda, Alex, Laurence Ryan, Christa, Judy, Al Pacocha, Juana Mraz, Danika, Nathaniel Purdy MD, Aryanna, Julie Dickinson, Casper, Monique Wunsch PhD, Blaise, Gilbert Doyle, Anjali, Moses Durgan, Lynn Sipes, Mr. Lula VonRueden, Rose Smitham, Bobbie Becker, Rex Hane, Alicia Lemke II, Rachael Schuppe, Kristine Hagenes, Yazmin, Jared Littel, Rhoda, Eric Ebert, Hortense, Antoinette Marks, Delores, Laurence Pouros, Dianna, Alvin Greenfelder DVM, Tara, Bryant Sipes, Selina, Ms. Cristina Blick, Isac, Ernestine Kertzmann, Heather, Jennie Schumm, Tillman, Meghan Fay, Mr. Carmona, JulesNoel, RossHernandez, JorisBourgeois, Dolores Dias, Danielle Lawson, Samed Nieuwendijk, Eliana Faure, Simon Feil, Lawrence Bradtke, Janie Bode MD, Rainer Barbier, Beverley Sims, Christian Day, Harrison Walker, Maria Poulsen, Borja Pastor, Dan Morales, Nathan Anderson, Ege Hakyemez, Marc Blanco, Naomi Thomas, Jonathan Garcia, Lucy Taylor, Tristan Rasmussen, Dianne Ratke PhD, Ashley Doyle, Renee Pollich, Jill Nicolas, Novel, Margit Stava, Claudilene Vieira, Katrina Cunningham, Sandro, Oscar, Anna, Thomas, Emily, Hudson, Vincent, Jennifer, Ilona, Oliver, Sybille, Gustavo, Aaron, Albert, Russell, Vildan, Kimberly, Roope, Verena Lima, Phillip Martinez, Sebastian Mortensen, Miss Roman Auer, Rita Kiehn, Sherry Jacobs, Hailey Smith, Gloria Washington, Aubrey Feil, Marijana Barbier, Lison Robert, Dominykas, Kristina, Jeannette Koch, Estelle Kulas, Agent1, Selma Neteland, Fabio Garnier, Camila Murphy, Cléa Lemoine, Owen Anderson, Keira Green, Alex Hughes, Gianna Dupont, Dr. Kerry Zemlak, Belinda Kohler Sr., Emilia Gjelstad, Faith Burke, Teresa Hart, Nick Giraud, Oscar Alonso, Vernon Newman, Stacy Mosciski, Ashley Cook, Hans-Willi Klein, Naja Nielsen, Leevi Kangas, Viivi Wainio, Matthew Fahey, Faye Witting, Fabiha Zarin, Roderick Botsford, Ricky Ullrich, Fariha Zarin, Angie Bernier, Dora Cole, Fariha Jarin, Guadalupe Kulas, Alejandro Purdy, Farin Rahmann, Muriel Carroll, Mrs. Phyllis Kirlin, Valerie Marks, Donato Satterfield, Moriah Gleichner, Otto Zulauf, Dorian Schamberger, Kattie Ryan, Llewellyn Bahringer, Tyreek Bernhard, Jamison Parisian, Kavon Walter, Ashly Schaefer, Ezekiel Nienow, Rebeka Kuvalis, Rocky Hudson, Hosea White, Pablo Stracke, Bobbie Klein, Kailey Schmitt, Lucious Gutmann, Osborne Wilkinson, User 1 Batch3, User1 Batch3, Jessica Dunn, Leif Sandøy, Alicja Bastian, Romilda Martins, Brennon+Kautzer, Clarisse Lopez, Jack Kelly, Molly Wolden, Edna Morgan, Filippa Møller, Liam Margaret, rajon, Bedirhan Brookhuis, Antoine Deschamps, Melisa Sanchez, Inmaculada Gil, Nargis Akter, Krystina Hackett Willie Rath, Garrick Sanford Amy Emard, Shawna Harvey Emmett Mayert III, Audrey Cassin Donald Rutherford, Hollis Kerluke Hazel Thiel DVM, Elisângela Lima, Angie Silva, Chelsey O'Connell Mr. Mario McClure, Maxim Mollink, Steven Hoffman, Siena Van Herp, Valdemar Pedersen, Hilletje Lam, Johanna Bogisich Nettie Collier, Mélody Petit, Jamarcus Schimmel Marta Jacobi DVM, Jaydon Powlowski Clayton Abbott, Arjun Boyer Robyn Torphy, Felton Stehr Mrs. Hubert Wolf, Marco Kuhn Miss Mercedes Parisian, Santiago Fuentes, Dwight Ray, Janet Fowler, Abílio Teixeira, Ioannis Niehoff, Shovon, rajon, Caren Van der Land, Guisela Mendes, Travis Garcia, Deion  Harber  Tyrone Bruen, rkib1256, Ariosto Barros, change name after patch__c _user 1 batch3, c_user 1 batch3, c_user 2 batch3, Cristopher Becker Iris Gleason Sr., Jovan Kessler Faye Mante, Giles Cole Kari Lang, Cooper Stokes Marlon Collier, Aleen Robel Luther Hauck IV, Maike Pepping, Mack Kiehn, Veronica Ortega, Alexia Perrin, Harry O'Hara, Oswald Smith, Abdelhafid Hovestad, Ramon Nguyen, Rhonda Steeves , Walter Owens, Celeste Fernandes, Julian Moya, Émile Brun, Alexandra Young, Léon Lopez, {{Ashiq Batch 3}}, Najma Mundal, Louis Knight, Andrée Aubert, Augustin Michel, Lina Roberts Mario Cummings, Mossie Stroman Mr. Alfonso Turcotte, Maja Hansen, Harvey Spencer, Bérénice Meyer, Orlando Brown, Dragica Bertrand, Lenni Saarela, Joël Hubert, Seth Schmidt, Kattie Koelpin Javier O'Conner, Emil Kujala, Lucia Noel, Daniel Nielsen, Tomothy Owens, Matthew Macdonald, Cecilia Brun, Aiden Wood, Édouard Andre, Ambra Kloos, Barb Gilbert, Salman Rahman, Roelof Alkan, Jeremey Compagner, Jalil Graus, Lourdes Mendez, Melissa Ross, Chloe Reid, Kasper Niska, Gilles Jonk, Otto Koskela, Jessica Washington, Gilcenira Castro, Sanya Slaats, Gabriel Martinez, Karl Bennett, Sophia Riviere, Hasnat Shoheb, Christoffer Rasmussen, Hasnat Shoheb, Maurice Steinert, Selma Kristensen, Vera Aase, Martha Ward, Dolores Lorenzo, Lola Moulin, user5454, User 35418, User 32003, Rita, Valentine, ${name}, salman15, Judith Freeman, George Moore, Albert Bugge, Silvia Guerrero, King fox, Elise Caspari, Jakub Skjolden, Nelli Hanninen, Athena Skinnes, Herbert Harvey, Rico Arnaud, Abigail Walker, Kim Jong-un, {{name}}, Arthur Miller, Yasemin Atakol, Rachel Bradley, Grace Russell, Ernesto David, Sandro Menard, Sevcan Strous, Murat Kaya, Erika Morin, Terra Young, Jamie Edwards, Ivano Konijn, Virgil Chapman, Volker Fleury, Zakary Turner Ellis Carter, Sean Dumont, David French, Petros Van Turnhout, Felix Hicks, Bryan Denesik, Adolfo Blanco, Daniel May, Cosme Viana, Salman Rahman, Isaac Schuppe, Ronnie Hoffman, Judd Wade, Eckehard Aydin, Ella Cunningham, Tianna Mraz Ronald Pagac, Sofia Muñoz, Rayan Chevalier, Hannah Lo, Kay Simmons, Alexis Kumar, Marie Sørensen, Auguste Blanc, Carl Man, Na Vid, Rosie Fleming, user 1 batch 3, Danielle Brewer, Roberto Herrero, Väinö Kotila, Van Gerard, Laurie Grewal, Jurij Helm, Léonie Gauthier, jmuser 89437, jmuser 43576, Smrity, Wilbert+Volkman, jmuser 26232, Esther, jmuser 26139, Onni, Younes, Loan, Macit, Tyler, Aiden, Theodore, shovon, Mahmud30655, Mahmud26143, Eliott Deschamps, Cas, Nella, Boavida, Celestine, Rose Schmitt, Eufrásio Jesus, Marlene, Anatoli, Eelis, {{$randomfirstname}} {{$randomlastname}}, Taylor Jakubowski Angelina Fisher, ababab, abababjrm, abababjrm856821, abababjrm532077, abababjrm762185, abababjrm362536, abababjrm581215, abababjrm808856, abababjrm849790, abababjrm973468, abababjrm643757, abababjrm312605, abababjrm562204, abababjrm495099, abababjrm183972, abababjrm720713, abababjrm399980, abababjrm242270, abababjrm311344, abababjrm401570, abababjrm680746, abababjrm673631, abababjrm300224, abababjrm811293, abababjrm361804, abababjrm508429, abababjrm299902, abababjrm691652, abababjrm174417, abababjrm769949, abababjrm266503, abababjrm319678, abababjrm131239, abababjrm733398, abababjrm224665, abababjrm794971, abababjrm883161, abababjrm828246, abababjrm174903, abababjrm502382, abababjrm135721, abababjrm811800, abababjrm927490, abababjrm795477, abababjrm897473, abababjrm410063, abababjrm835579, abababjrm213255, abababjrm961585, abababjrm283649, abababjrm801345, abababjrm595051, abababjrm896788, abababjrm607174, abababjrm337359, abababjrm222396, abababjrm743427, abababjrm768868, abababjrm627448, abababjrm538144, abababjrm345865, abababjrm986954, abababjrm609163, abababjrm758463, abababjrm327756, abababjrm745785, abababjrm991613, abababjrm465314, abababjrm765003, abababjrm407518, abababjrm657157, abababjrm735217, abababjrm861439, abababjrm397541, abababjrm448799, abababjrm607830, abababjrm152297, abababjrm924262, abababjrm584206, abababjrm615652, abababjrm482802, abababjrm882652, abababjrm791556, abababjrm964877, abababjrm476574, abababjrm261736, abababjrm213261, abababjrm858373, abababjrm562183, abababjrm431117, abababjrm548455, abababjrm148329, abababjrm922825, abababjrm822632, abababjrm207722, abababjrm755523, abababjrm157843, abababjrm560727, abababjrm505636, abababjrm861662, abababjrm540772, abababjrm639166, abababjrm844622, user 1 Batch3, Alex Thomas, Warner Pel, Emilie Madsen, Stella Da Silva, Santiago Gonzalez, Ethel Morissette Rudolph Toy, Dax Hamill Spencer Nienow, Jeremie O'Connell Mr. Alonzo Hills, Elda Kunze Penny Balistreri, Fabian Crist Myron Kozey, Chad Stone, Ilva Dekkers, Else Spinka Mr. Israel Harber, Rose Fortin, Jennyfer Hane Carlton Anderson, Marion Bell, Lucienne Homenick Andres Reichel, Katherine Warren, Aimee Hauck Eunice Krajcik DDS, Cody Sims, Earnestine Olson Jacquelyn Buckridge, Willi Stöcker, Jose Grimes Mr. Hazel Dibbert, Elizabeth Schulist Elena Walsh, Jennie Nienow Ms. Krystal Mueller, Emma Koski, Abbie Lockman Gustavo Stehr, Marlise Roger, Lavon Homenick Vernon Koelpin, Bernhardine Helbing, Mahmud24463, Mahmud24720, Mahmud85443, Mahmud30573, Mahmud52436, Mahmud26017, Mahmud15164, Mahmud41921, Mahmud86250, Mahmud82706, Mahmud44060, Mahmud34712, Mahmud74713, John Fisher Wilfred Harber, Shamir Welp, Mahmud98416, Mahmud58802, Mahmud23508, Mahmud37365, Mahmud12188, Mahmud40840, Mahmud56514, Mahmud84519, Mahmud52796, Mahmud15361, Mahmud15836, Mahmud93766, Mahmud47620, Mahmud95112, Mahmud18984, Samson Roberg, Mahmud99052, Mahmud26777, Mahmud67190, abababjrm713541, abababjrm941060, abababjrm750383, abababjrm392820, abababjrm104663, abababjrm234604, abababjrm694212, abababjrm113745, abababjrm283169, abababjrm459693, abababjrm314465, abababjrm450408, abababjrm628395, abababjrm482094, abababjrm252274, abababjrm691472, abababjrm241912, abababjrm945680, abababjrm844579, abababjrm270253, abababjrm565810, abababjrm412840, abababjrm673939, abababjrm705412, abababjrm779793, abababjrm457243, abababjrm605660, abababjrm159610, abababjrm740137, abababjrm444554, abababjrm977339, abababjrm868824, abababjrm820564, abababjrm314667, abababjrm507046, abababjrm120709, abababjrm486595, abababjrm538524, abababjrm622920, abababjrm389132, abababjrm792035, abababjrm411687, abababjrm796067, abababjrm906759, abababjrm162151, abababjrm758692, abababjrm238673, abababjrm264231, abababjrm171395, abababjrm921104, abababjrm309617, abababjrm321775, abababjrm555542, abababjrm480925, abababjrm521434, abababjrm985981, abababjrm725108, abababjrm362554, abababjrm721962, abababjrm148837, abababjrm597605, abababjrm903327, abababjrm749674, abababjrm397988, abababjrm598601, abababjrm569378, abababjrm983437, abababjrm506258, abababjrm934327, abababjrm611906, abababjrm714740, abababjrm177325, abababjrm720694, abababjrm895370, abababjrm307356, abababjrm665498, abababjrm318848, abababjrm595736, abababjrm864016, abababjrm790967, abababjrm805609, abababjrm924146, abababjrm533862, abababjrm585831, abababjrm631615, abababjrm568975, abababjrm423575, abababjrm818010, abababjrm643582, abababjrm938953, abababjrm836807, abababjrm521290, abababjrm565129, abababjrm373038, Brooke Reed, Athanasios Scherf, Lucas Brunet, Mélissa Perrin, Amie+Goodwin, Sienna Li, Isaac Ludvigsen, Mahmud51895, Mahmud81279, abababjrm248047, Sofia Huotari, Waldtraut Tiede, User 17386584, Andrés Martins, David Harcourt, Albert Rasmussen, Mélina Lecomte, Alia+Smith, user30868, Gina, Jayden, Gabe O'Keefe, Zachary Schneider, Madisen Ankunding, Justice Stracke, rajon, Zander Aufderhar, Ernesto Emard, Mary Åsebø, Salman Rahman, ami710082, Fatih, ami${id}, Clémence Lecomte, ashiq, ashiq3271, ashiq7822, ashiq4678, ashiq8245, ashiq9778, ashiq7171, Nicolas Louis, Livia Leclercq, Sandra Louis, Mohamed Saez, Ted Cole, ashiq5762, ashiq6033, ashiq8297, Betino Gonçalves, Victor Beck, Salman Rahman, Oliver Mortensen, testuser 78411, testuser 74517, Aléxia Duarte, testuser 78472,  Levi, Bessie Lowe, Nella Niska, Mahmud43999, Mahmud96668, Mahmud37299, Mahmud62671, Mahmud53962, Mahmud15850, Mahmud35753, testuser 99156, testuser 32553, testuser 51683, testuser 79779, testuser 35347, testuser 44788, testuser 75828, testuser 26818, testuser 36497, testuser 11699, testuser 39466, testuser 60826, testuser 87938, testuser 37019, testuser 38009, testuser 97418, User {$id}, User {$id}, User {$id}, User {$id}, User {$id}, User {$id}, User {$id}, User {$id}, User {$id}, User 68793, User 79839, User 43136, User 74392, User 88933, User 22386, Akram Uddin, User 28461, User 66367, User 13094, User 20356, User 18726, User 54369, User 42965, User 11493, User 28755, User 47343, User 72482, User 45404, User 88192, User 44542, User 35882, User 27072, testuser 22078, user77074, user53066, testuser 68472, testuser 92827, testuser 62749, user85198, user21157, user36631, user17434, user76784, user77308, user22005, user53478, user10111, ashiq7233, ashiq6670, ashiq5750, user45609, user 38573, user55648, user75856, user34896, user58411, user 58545, user65484, Avery, Mahmud48108, Mahmud25031, Mahmud20388, Mahmud24165, Mahmud87609, Mahmud60792, ashiq8798, User 19350, User 65199, User 47657, User 75631, User 45234, User 20857, User 82083, User 49779, ashiq8207, ashiq9518, testuser 53238, ashiq8013, ashiq8813, User 56961, User 99685, User 97346, User 21508, User 84955, User 52653, ashiq5301, testuser 26102, testuser 81286, ashiq7819, ashiq4245, User 86295, User 83961, User 69963, ashiq1667, ashiq7769, ashiq7913, User 57986, ashiq9084, ashiq1491, ashiq8520, ashiq1831, ashiq2503, ashiq8595, testuser 77575, ashiq7771, ashiq7701, ashiq6676, User 61148, ashiq8384, ashiq8836, ashiq4499, ashiq6834, ashiq3999, User 56840, ashiq9798, User 35786, User 44637, User 62718, ashiq2860, ashiq2691, ashiq2186, ashiq3108, User 92787, User 56849, User 43470, User 72991, User 60763, Lopez, User85982, User77660, User23599, User87763, User28225, User 77916, Mahmud42462, Mahmud99914, Mahmud92018, Mahmud89633, Mahmud12427, Mahmud14663, Mahmud41899, Mahmud58674, Mahmud20746, Mahmud22127, Mahmud36982, Mahmud54387, Mahmud22214, Mahmud58512, Mahmud92146, Mahmud30479, Mahmud44503, Mahmud87653, Mahmud78797, Mahmud74764, Mahmud45751, Mahmud82470, Mahmud75506, testuser 39888, Mahmud60239, Mahmud34190, Mahmud86362, Mahmud27672, Mahmud78334, Mahmud93754, Mahmud89668, Mahmud30471, testuser 48467, Mahmud29560, Mahmud48658, testuser 15707, testuser 70882, testuser 39780, Mahmud18083, testuser 28531, testuser 72101, testuser 30231, testuser 38021, Mahmud65425, testuser 27101, testuser 74362, Mahmud40318, testuser 66265, testuser 85996, Mahmud34478, Mahmud18322, Mahmud93729, Mahmud43042, testuser 22130, testuser 97223, testuser 81516, testuser 57365, testuser 86225, testuser 96909, testuser 52393, ashiq2179, ashiq5154, ashiq3094, ashiq4275, ashiq1991, ashiq8779, ashiq8159, ashiq7047, testuser 36766, testuser 74283, ashiq6068, ashiq8054, ashiq3780, ashiq3963, ashiq6323, ashiq3014, ashiq6911, ashiq3173, ashiq5453, ash8395, ash1740, ash3388, ash3618, ash9292, Lea Korneliussen, User 72006, User 97048, testuser 47295, ash6579, testuser 56453, testuser 86599, testuser 88570, testuser 29120, User39890, testuser 13059, User23027, User42861, testuser 20163, User, User55610, User65057, User61856, User18473, testuser 99805, User40007, User91591, User24330, User63316, User79088, User97327, User82255, User81542, User21584, User23710, User48273, User12627, User33844, User30782, User 61968, User 95774, User 89894, abababjrm960469, abababjrm276360, abababjrm670850, abababjrm121602, abababjrm293679, Romaine Hackett Clint Willms, Alfonso Rippin Ms. Edmund Marvin, Hank Davis Claude Kassulke Jr., William McCullough Marcia Donnelly, Michele Watkins, Solange Durand, Lola, Md. Rajibul Palas, Inmaculada Moya, Alice Roy, Antony, Rosanna Langworth, Brandon Donnelly, Emely Larson, user93692, user58107, user78661, user42992, user23963, user69067, user58013, user73192, user48165, user92847, user69836, user95731, Salman Rahman, user11009, user72867, user12929, user98866, user57026, user62678, user92165, user82467, user15126, user32700, user38283, user77492, user51099, user69148, user76770, user24485, user56480, user72631, user87092, user38464, user65228, user24038, user96587, user69817, user93604, user39327, user33383, user44498, user87680, user49624, user78051, user99053, user11895, user94964, user30002, user79092, user85544, user57780, user61674, Julius Manni, user49454, user48640, Zita Rohan, Salman Rahman, user60613, user41895, user64538, user59128, Dahlia Wilderman, Tyrique Hagenes, Cora Jacobi, Horacio Tremblay, user{id}, Bud Grant, Romello Buursma, Emilie Miller, Cecile Goyette, Madonna Watsica, Grant Kassulke, Israel Reichert, Cayla Quitzon, Marta Carrasco, Ruben Kessler Beatrice Bosco III, Elvis Hartmann Ernest Flatley, Holly Doyle Fernando Mueller, Gaylord Larkin Tim White, William Hettinger DDS, Ms. Kelly Harris, Lydia Bergstrom, Jacob Senger, Wilbert Roob, Susie Nicolas, Md. Rajibul Palas, Md. Rajibul Palas, Md. Rajibul Palas, Jeff Nikolaus, Edmund Gleason, user94451, user60892, ?????, Dale, Marie, Amanda, Milo, user55669, Tanya, user78028, Zoey, user ${id}, user73370, Bilal, user76280, Chloe, user46132, Isaac, user71955, Elsa, user71411, Gary, user38560, Tammy, Jasper, user65197, Pablo, user59641, Eliott, user70642, Nicolas, user85876, Lore, user56416, Nalan, user80745, user26708, Sedef, user47653, user12542, user57210, user28325, user93974, user79222, user22880, user12874, user49463, user49449, user21109, user98252, user40983, user30001, user43392, user19811, user87872, user39539, user49834, user16855, user59966, user54358, user53303, user90735, user55988, Gregorio, Kirk Smith, Florence Hall, Linda Mcdonalid, Marcus Madsen, Ryleigh Wisozk Anna Swift, Zümra Hofste, Viivi, Fanny, Annette, Michael, Natan, ?????, Lidia, Dayane, Othelia, Inguelore, Terry, Gustav, Okan, Elvera, User 39816, User 14796, hjhjhjh, Montserrat Muñoz, Gus Koepp Howard Vandervort, User 76796, User 82745, User 81674, user78002, Olivia, user28517, user58259, user17327, user76705, user45874, user55027, user17180, user15778, user99403, user94614, user10108, user34411, user73089, user61024, user86274, user56113, user10209, user11934, user80796, user46692, user96920, user41391, user35424, user24488, user84701, Alexandre Chan, Harper Robinson, Ivo Ribeiro, Loretta Matthews, Dominic Sjursen, Sabbir M, Caroline Christiansen, Marika Buck, Monserrat  Reynolds, Austen  Ziemann, Laurel  Rippin, Katelin  Corwin, Ismael  Halvorson, Jose  Fay, Suzanne  Corwin, Carmella  Fadel, Emory  Ebert, Justine  Berge  Paulette Russel, Lafayette  Kautzer  Clint Olson, Lavada  Pfeffer  Ms. Edith Heller, Eugenia  Mraz  Louise Windler, Kenny  Hagenes  Tom Ferry, Aliza  Kulas  Conrad Sawayn, Sigrid  Simonis  Dave Kerluke, Jacinto  Halvorson  Myrtle Cormier Jr., Bettye  Sporer  Neal Connelly, Lilyan  Powlowski  Paula Koch, Danika  Lindgren  Shawn Hilll, Ella  Greenholt  Myrtle Hickle, Nikolas  Ortiz  Ethel Collier, Kameron  Emard  Charlene Huel, Victor  Schiller  Penny Kling, Kimberly  Kozey  Dana Lind, Waldo  Breitenberg  Jared Pagac, Savannah  Kerluke  Terry Champlin, Paige  Kub  Otis Daniel, Frederique  Jakubowski  Greg Kautzer, Carol  Hauck  Miss Keith DuBuque, Anne Robertson, Soraya Melo, Francisco Thompson, Simon Singh, Corey Beck, user241150, user27118, user966974, user364264, user57561, user737991, user187523, user293778, user388788, user855177, user646380, user305257, user648646, user79258, user492350, user32398, user533876, user343381, user633414, user849064, user835573, user415786, user68706, user12595, user342170, user704331, user139368, user635574, user610963, user68480, user237549, user31572, user487657, user502812, user184942, user183275, user506419, user582617, user965772, user916438, user291636, user307981, user594115, user256840, user527825, user773232, user271648, user923919, user862121, user800557, user643149, user759459, user998967, user187081, user584640, user509780, user923149, user413432, user240816, user630034, user795614, user935064, user892751, user395251, user931166, user714859, user45559, user287218, user971544, user86625, user128472, user248430, user352889, user611156, user183116, user522897, user978267, user618485, user269329, user88055, user643608, user393037, user548322, user240675, user702190, user241318, user722029, Sabbir786, user858570, sazzad Forazi, James Jackson, Gauthier Riviere, Britney Vasquez, Jim Doyle, Ceyhun Gürmen, Harry Gibson, Anniek Kennis, Emmanuel Schmidt, Arthur Brown, Brooke Kreiger, Carmen Wallace, Tamia Tremblay, Luís Figo da Conceição, Eugene Rodriquez, Rosalee Braun, Alban Guerin, Lenny McGlynn, Anna Rodriguez, Russel Schroeder, Eemil Kurtti, Florence Beatty, Md. Shiblee Sadik, Scarlett Duncan, Hillard Schaden, Bobby Stone, Devon, Santiago, Alicia, Marie-Louise, Wyatt Wagner, Chaim Muller Viola Effertz V, Brooke Moore, Reece MacGyver, Ariel Rodrigues, Justine Pelletier, Matilda Rolfson, Aria Solberg, Frank Ziemann, Katharine Adrian, Mason Lewis, Julio Diez, Silke Petersen, Jackie Martin, Celine Toft, Delaney Blanda, Daniel Hansen, faruk khan, Philip Johnston, Fariha Jabin, fariha jabin, Fariha Jabin, Hildegard Jahn, Julio Martinez, Nélson da Mata, Andrea Poulsen, Jaime Alvarez, Amaury Thomas, Gilda+Rippin, William Harris, Laurianne Bauch Kent Satterfield, Masha Schulting, Hello sELISE1234, Audrey Van Haaren, Arthur Denis, Tjarco Sikma, Andrée Deschamps, Yassira Ibrahim, Micha Dumas, Jacinthe Cormier Cheryl Dooley, Vicenta Pastor, Leanne Novak, Sjonnie Van Koert, Brayden Mills, Holly Hopkins, Florin Pierre, Af?ar, Wayne Reyes, Mrs. Clyde Osinski, abid, Terrence Feest, Mr. Jamal 2, Riccardo Schaap, Gladys O'Kon, Wanda Runte, Kristopher Borer, Joyce Skiles, Jaime Renner DDS, Inez Lehner, Lucille Lemke, Hector Bartell, Doyle Spinka, Danielle Reilly, Bonnie Hermiston, Melody Stamm, Mark Daugherty, Raquel Johns, Miss Frankie Schneider, Gail Krajcik, Lana Bradtke III, Kelvin Swaniawski, Rodney Bernhard, Matt Welch, Sophia McKenzie, Carole McKenzie, Clay Ratke, Genevieve Lindgren, Byron Batz, Md. Shiblee Sadik, Dominic Abernathy Jr., Stanley Becker, Ada McLaughlin, Thelma Weber, Katie Douglas, Frederick Mayert, Asif, Miss Clarence Dach, Della Schmeler, Sarah Hettinger, Alice Raynor II, Mindy O'Kon, Mrs. Grant Keebler, Erica Lowe III, Lorena Beier, Charlie Boyer, Mrs. Darryl Johns, Becky Corkery, Mabel Crist, Darrell Klocko, Rickey Hettinger, Anthony Barrows DVM, Paula Smith, user 1 , Cora Rohan, Bessie Thiel, Angie Medhurst, Luz Bogan V, Ira Jacobs, Marco Bauch, Alexis Collins, Ruth Harris III, Mike Barrows, Dr. Celia Wiza, Elias Reichel, Jamie Wunsch, Virginia Harris, Julius Dickinson, Bessie Abbott, Louise Barrows, Boyd Quitzon I, Judy Miller Jr., Preston Kirlin DDS, Mrs. Joanne Nolan, Reinger, ashik, Lyle Farrell, Ms. Casey Kassulke, Bruce Krajcik, Roderick Marvin, Mr. Michelle Jones, Angelina Padberg, Allan Bauch, Nancy Leuschke, Norman Hilpert, Suzanne Lehner, Jay Gibson, Roxanne Mayert, Richard Weimann, Carmen Schneider, Ramona Johns, William Zboncak, Carlton Rowe V, Glenn Kuhn, Olivia Murray, Santiago McKenzie, Mable Bernier, Hugo Quitzon, Theresa Stehr, Olga Roberts, Irma Blanda, Myron Abbott, Francis Klein DDS, Ginger Satterfield, Connie Ortiz, Kirk Walter, Carmen Reinger, Enrique Leuschke, Lori Koss, Jeff Hartmann, Dana Green, Bryant Hickle, Muhammad Noman, Nicole Bergnaum, Roland Schroeder, Lori Heathcote, Theodore Sporer, Carmen Reinger, Essie Adams, Melinda Fahey, Aleksi Hatala, Eunice Mertz III, Beth Thompson, Miss Evan Schulist, Randy Larson, Abir Hossen, Abir Hossen Munna, Percy Miller, Dr. Floyd Balistreri, Christopher Hagenes, Herman Cronin, Leslie Cummings PhD, Jenny Goldner, Rosemarie Dibbert, Jon Grady, Ms. Rodolfo Kshlerin, Inez Schmeler, Bessie Blick, Israel Weissnat, Dwight Ruecker MD, Barry Schiller, Kelley Ernser, Pat Durgan, Clifford Jenkins, Stuart Koss, Mrs. Cecelia Mosciski, Ivan Herman III, Gilberto D'Amore, Rufus Zemlak, Christopher Corwin DDS, Pamela Veum, Justin Ferry, Krista Kerluke, Jan Walker, Willis Kunde, Kerry Haag, Kathy Batz, Bobby Larson, Gordon Ryan, Nicholas Murazik, Dan Botsford, Robert Wunsch, Cassandra Langworth, Geoffrey VonRueden, Ramona Kassulke, Sohel, Arif, dalim, Kyle Runolfsdottir, Jeanne Stehr, Miss Elvira Barton, Fernando Davis DDS, Mr. Sally Kautzer, Darby Baumbach, Pattie Labadie, Warren Huels, Berta O'Keefe, Kade Mante, Erna Harris, Norberto Roob, Magnolia Altenwerth, Zella Price, Yolanda Von, sohel, Alisha Ziemann, Maryam Hahn, Lorenzo Feest, soohel, soohrrel, Ansel Harris, soohrrtgel, Otis Mills, Lionel Murazik, Ms. Shirley Braun, Raymond Reinger, Tim Swift, Freddie Muller, Pete Buckridge II, Ethel Bahringer, Myra Kshlerin DVM, Jaime Cummings, Timmy Marks, Pat Quitzon, Nancy Frami, Bernadette Boyer, sohhel, Jaclyn Beier, Bruce Wilderman II, Frances Kunze, John Von, Patty Halvorson, Georgia Toy, Ms. Marvin Schultz, Warren Kovacek, Cornelius Torphy DDS, Cecilia Rau, Erin Weissnat, Zachary McGlynn, Miss Cecilia Murray, Brittany Collins, Wilbur Mitchell, Heidi Wuckert, Dwight Schiller, Tomas Price II, Eva Kulas, Olive Marquardt, {{$randomFullname}}, {{$randomFullname}}, {{$randomFullname}}, {{$randomFullname}}, Faith Gerhold, Mr. Janice Kihn, Ashik, Larry Quigley, Rachel Wilkinson, Mrs. Elvira Armstrong, Alton Koelpin, Glenn Satterfield, Christy Gulgowski, Felix Pollich, Al Amin Choudhury Abeer, Archie Prohaska, Timmy Heathcote, Todd Jacobson, Ray Schmidt, Leland O'Connell, Ralph Hettinger, Carmen Reinger, Barry Smitham, Alejandro Cronin, Carmen Treutel, Seth Kessler, Leah Runolfsdottir, Joe Barton, Lucia Effertz PhD, Matt Hettinger, Brian Terry, Terri Thiel, Rosie Ortiz, James Sanford, Ruben Kutch, Joyce Robel, Mrs. Roy Hoppe, Ms. Richard Pollich, Claudia Fahey, Natalie Zieme, Rosemary Schroeder, Betsy Hermiston, {{$randomFullname}}, {{$randomFullname}}, Guillermo Beer, Joshua Reinger, Wilhelm Lueilwitz, Cordell Kuhlman, Connie Prosacco, Albin Balistreri, Alexis Krajcik, Erin Bruen MD, Alfonso Ledner, Natasha Berge, Jerald MacGyver, Ethel Waters, Patty Mayert PhD, Christopher Blanda, Devin Purdy, Roy O'Conner, Cecelia Donnelly, Ervin Bogisich, Johnny Marks, Silvia Toy PhD, Pamela Schuster MD, Wayne Hodkiewicz, Laila, Gloria Muller, Eddie Senger, Olivia Corwin, Floyd Wilkinson, Lori Rice PhD, Ramiro Kihn I, , Darnell Hills, Gary Wuckert, Alfonso Williamson, Mr. Inez Wyman, Elvira Zieme, Shawn Hahn, Nathan Waters, Vanessa Lindgren, Susie Schinner, Chad Sanford, Victor Lemke, Erik Hettinger, Donnie Grady, Ms. Marty Leuschke, Dewey Nolan, Julie Zboncak, Francisco Conn, Miss Fredrick Klocko, Mrs. Victoria Waters, Guy Wisoky, Mr. Myron Luettgen, Alison Nicolas, Pete Schulist, Spencer Kris, Bruce Bogisich DDS, Cheryl Bailey, Susie Mraz, Toby Block, Phyllis Farrell, Inez Prosacco, Ms. Sherri Friesen, Frances Doyle DDS, Marion White I, Morris Little, Ryan Hessel, Gerald Rohan, Zachary Weimann, Tami Larkin, Gregg Donnelly, Brenda Crist, Ms. Herbert Waelchi, Andres Gislason, Gwen Bernier, Jerry Kerluke, Ian Schinner, Tracy Roberts, Nicolas Frami, Sally VonRueden, Sherri Mosciski, Everett Jaskolski, Gary Nitzsche, Lee Berge, Danielle Lubowitz, Jose Medhurst, Kathleen Balistreri MD, Randall Jacobs, Seth Daugherty, Ali, Rafael Kshlerin, Alonzo Schoen, Ali, Edith Roberts, Bruce Kilback, Viola Auer, Christie McDermott III, Alvin Schneider, Earnest Gusikowski, Shannon Grimes, Elsa Marks, Ryan Cruickshank, Dr. Ollie Hilll, May Wiegand, Angel Runolfsdottir, Carmen Reinger, Lynn Mitchell, Vickie Jacobi, Rachael Keebler, Dr. Melvin Dach, William Hessel, Iris Considine, Everett Ortiz, Marion Rohan, Margie O'Conner V, Doyle Lesch, Neal Streich, Courtney Nienow, Mr. Krista Anderson, Matthew Sauer, Curtis Gerlach, Dr. Judith Schiller, New user, Kristie Konopelski, Lynn Smitham, Mack Bechtelar, Carmen Reinger, Freddie Tremblay PhD, Miriam White, Ellen O'Kon Sr., Edna Stanton, Johnathan Cole I, Olive Hand DDS, Tanya Leannon, Dewey Donnelly, Maurice Johnston, Mrs. Calvin Johns, Kirk Hessel, Vincent Hodkiewicz, Leland Wehner, Celia Keebler, Sophia Schmitt, Mr. Byron Cassin, Miss Irvin Zemlak, Dean Reichel, Daryl Beer DDS, Latoya O'Hara, Rosemarie O'Connell, Heidi Bins PhD, Kenneth Simmmons, Isabella Patel, Justine Fortin, Leo Hunt, Mathew Grimes Jr., Herman Botsford, Daisy Waelchi, Alfonso VonRueden, Johnnie Osinski MD, Orville McLaughlin, Ora Bechtelar, sunny, sunny, Valerie Altenwerth, Kyle O'Hara, Dora Greenholt, Ms. Donnie Tromp, Jeremy Cassin, Miranda Homenick, Josefina Lakin Sr., Bessie Collier, Morris DuBuque, Ronnie McLaughlin, Andrew McDermott DDS, Francis Kirlin, Mrs. Kenny Skiles, Colleen Prohaska, Astrid Christiansen, Tessie Osinski Jana Bruen, Mable Ritchie, Mrs. Kenny Skiles, Wanda Hartmann, {{$randomFullname}}, Gladys Gerlach, {{$randomFullname}}, {{$randomFullname}}, Ms. Gabriel Christiansen, Karl Okuneva, Dean Kemmer, Miss Elsie Hilll, Miss Mildred Lockman, Ms. Neal Schiller, {{$randomFullname}}, {{$randomFullname}}, Matthew Hickle, Darrin Towne, Walter Parker, Claudia Rau, {{$randomFullname}}, Mr. shihab, Carmen Reinger, Miss Steven Abbott, Carmen Reinger, Sammy Hoppe, Colin Wilkinson, Ignacio Stiedemann, Peter Mohr, Eddie Howe, Shawn Wilderman, Georgia Kuhlman, Sammy Vandervort, Teri Howe, Wallace Abernathy I, Isabel Reichert, Bridget Zulauf, Erick Satterfield, Elijah Effertz, {{$randomFullname}}, Sandrino Moreira, Julie Cole, {{$randomFullname}}, Esmeralda Carroll Jerry Hickle, Nia Nikolaus Jesse Kirlin, Chris Dickinson, Alfredo Pfannerstill, Silke Kristensen, Felicia Tillman V, JMeter user 100, Eric Lind, JMeter user 101, JMeter user 102, JMeter user 6096, JMeter user 1777, JMeter user 6766, JMeter user 4188, JMeter user 9615, JMeter user 3464, JMeter user 9200, JMeter user 1985, JMeter user 8498, JMeter user 8532, Salvador Hilpert, Wm Crist, Lindsay Larkin, Lee Homenick IV, Denise Torphy, Mr. Sergio Lowe, Larry Lind, Ella Gerlach, Hazel Zulauf, Ricky Ebert, Hubert Bechtelar, Elaine Nolan, Shelly Hunter, Mr. Lonnie Wuckert, Rose Thomas, Minnie Aufderhar, {{$randomFullname}}, Ruth Gulgowski, {{$randomFullname}}, Mrs. Velma Macejkovic, Ramiro Schinner, Raquel Nolan, Terry Abernathy, Don Thiel, Angel Swift, Luis Abshire, Mrs. Gilberto Hodkiewicz, Ms. Cornelius Wolf, Ida Breitenberg, Wm Mosciski, Ivan Dare, Peggy Brekke, Forrest Pacocha, Diane Feeney, Supta, Tommy Lebsack, Supta, Oliver Medhurst, Supta, Marlon McKenzie, Esther Schinner, Supta, Mrs. Jerome Osinski, Orville Witting, Supta, Johnnie Kulas, Tamara Denesik, Doyle Swaniawski DVM, Lola D'Amore, Dr. Anne Yost, Paula Schinner, Tyler Kovacek, Gustavo Lindgren, Anita Bernier, Barry Wintheiser, Clayton Kertzmann, Ken Little, Carmen Reinger, Tonya Kuhic, alaminchoudhury@gmail.com, Timothy Mosciski, Jay Pouros, Donnie Conn, Sonya Russel, Sherri Beer, Ron Franecki, Stanley Dicki, Winston Lueilwitz, Neal Heathcote, Elvira Nienow, Diane Weber, Gilberto Kreiger, Steve Heller, Carrie Schiller, Daisy Hilpert, Carmen Reinger, Supta, Ms. Ken Stroman, Mr. Margie Purdy, Daniel Schaefer, Armando Veum, Supta, Darrin Kuhic, Carmen Reinger, Dwight Zulauf, Caleb O'Kon, Chelsea Fisher, Neil Zieme, Sandra Pacocha, Isabel Bode, Wilbur Emmerich, {{$randomFullname}}, {{$randomFullname}}, Al Pollich, {{$randomFullname}}, {{$randomFullname}}, {{$randomFullname}}, {{$randomFullname}}, Loretta Gulgowski, Alexandra Bogisich, JMeter user 9323, Mitchell Bogan, Johnny Veum Sr., Van Ullrich, Johanna Keeling, Rachael Glover, Jasmine Mayer II, John Satterfield, Miss Mark Mertz, Clayton Vandervort, Rufus Mertz, Dale Cormier, Wilfred Bahringer, Heidi Ward, Conrad Jenkins, Carmen Reinger, Ruth Becker PhD, Frank Boyle, Mrs. Kenny Skiles, Adrienne Mante, Glen Rutherford, Ervin Cassin IV, {{$randomFullname}}, {{$randomFullname}}, Armando Veum, Carmen Reinger, {{$randomFullname}}, {{$randomFullname}}, {{$randomFullname}}, {{$randomFullname}}, Thomas Tillman, {{$randomFullname}}, Dr. Betty Schultz, {{$randomFullname}}, Carmen Reinger, Virgil Crist, Carmen Reinger, Alison DuBuque, Marlene Walter, Kerry Schmidt, Carmen Reinger, Kristine Strosin, Mehe Sultana, Carmen Reinger, Nicholas Beatty, Carmen Reinger, Ashley Block, Adrian Mills Sr., Ms. Colin Grant, Doyle Hickle, Josefina Wolff, Marie Kuhn, Clinton Cartwright, Wendell Raynor, Rodney Beahan, Charlene Senger, Karla Anderson, Gretchen Ernser, Melba Bashirian Sr., Tanvir Mitul, Tanvir Mitul, Stephanie Rutherford, Rodolfo Langworth, Peggy Dare, Brett Aufderhar, Dianne Kshlerin, Angel Dickinson, Raquel Block, Delbert Cassin, Shelley Feest, Curtis Zemlak, Allan White, Carmen Reinger, Brittany Volkman, Patsy Cruickshank, Yvette Braun, Wanda Kessler, Rodolfo Halvorson, Mrs. Jamie Feest, shahnaz begum, shahnaz begum, shahnaz begum, Muhammad Noman, Shahnaz Begum, Shahnaz Begum, Shahnaz Begum, Shahnaz Begum, Pedro Windler, {{$randomFullname}}, Marshall Beatty, Jmeter 9599, Jmeter 1638, Enrique McCullough PhD, Miss Roberto Friesen, {{$randomFullname}}, Shahnaz Begum, Shahnaz Begum, Penny Senger, Carmen Reinger, Carmen Reinger, Martha Beahan, Lora Murphy, Lorenzo Will, Julius Leffler, Elijah Hyatt, Natasha Rohan, Ignacio Spinka, Van Boyle, Lela Homenick, Shahnaz Begum, {{$randomFullname}}, Pat Gislason, Peter Boyle, {{$randomFullname}}, Austin Homenick, Marcos Reilly PhD, Leona Reynolds III, Reginald Cremin, Christian Grady, Victoria Satterfield, Marlene McDermott, Johnny Doyle II, Inez Kassulke, Irvin Kunde, Jennie Swift, Sofia Moilanen, Luukas Salmela, Leticia Cremin, Penny Jones, Alex Neal, Caroline Wisozk III, Bradford Fay Jr., Marion Marks DVM, Jmeter 7646, Jmeter 5175, Jmeter 9439, Jmeter 7248, Jmeter 4652, Jmeter 2067, William O'Conner, Angie Howell, Zobayer Bin Sharif, Wade Dibbert, Jmeter 8611, Janie Zemlak, Jmeter 1990, Hector McGlynn, Howard Breitenberg, Josh Deckow, Lora Wisoky, Lindsay Hane, Maria Cole, Timothy Reichert, Glenda Goodwin, Ms. Percy Purdy, Isabel Rippin, Pearl Boehm, Brad Lehner, Marlene Douglas, Clinton Bayer, Norman Harvey Sr., Karl Kilback, Edwin Lowe, Bobby Feil, Chad McDermott, Fred Anderson DDS, Mary Rice, Wayne Von, Albert Skiles, Saul Hansen, Alyssa Abernathy, Miss Casey Lubowitz, Rudy Jacobs, Katrina McCullough, Rolando Wilderman, Austin Crooks, Irma Schulist, Hilda Lakin, Miss Darryl Nitzsche, Priscilla Ziemann I, Felix Koelpin, Carmen Reinger, Alonzo Wiza, Deanna Ritchie, Audrey Kuvalis, Angie McDermott, Miss Betsy Davis, Rene Will, Bennie Williamson, Nicolas Considine, Shahnaz Begum, Hannah Yundt, Wilson Braun, Archie Welch, Carmen Reinger, Carmen Reinger, Ray Hodkiewicz II, Melissa Sawayn IV, Miss Hector Nikolaus, Ms. Lula Kassulke, Eleanor Haley DDS, Ryan Hauck, Elizabeth Witting, Dustin Grimes, Roy Bernhard, Darrell Rippin, Orlando Schiller, Scott Gerlach, Gabriel Labadie, Mrs. Wilma Cronin, Eula Schowalter, Ross Stracke, Emanuel DuBuque III, Julius Graham V, Alif, Delia VonRueden, Nelson Schuppe, Jonathan Vandervort, Ross Armstrong, Stephen Graham, Eileen Luettgen, Sherry Gulgowski, Leslie Ryan, Miss Chad Schmidt, Billie Abshire, Melissa McLaughlin, Cheryl Hudson, Mr. Julius Bashirian, Della Toy, Barry Larson, Sherri Bechtelar II, Eleanor Lubowitz, Patsy Sawayn, Woodrow Quigley, Barry Douglas, Terrell Hahn, Gretchen Wisozk, Mike Robel, Abraham White, Lance West, Gilbert Steuber III, Laurence Willms, jerry, Lindsay McGlynn, Johnnie Towne, Brent Boehm, efan, efan068, Diana Buckridge, Rita Balistreri, Wallace Kirlin, Kelly Strosin, Everett Tremblay, Eunice Mueller, Darlene Rau, Alice Hyatt, Irvin Brown, Shelia Oberbrunner, Alexander Hodkiewicz, Russell Hill, Daniel Thompson, Santiago Gijzen, Noel Denesik, Daisy Kling Sr., Ruben Mosciski Jr., Norman Jaskolski, Craig Wunsch, Bridget Lesch, Levi Stark, Angelica Sanford, Krystal Turner, Mrs. Kenny Skiles, Eunice McDermott, Karl Mosciski, Teresa Wolff, Gwendolyn Mertz, Alice Hessel, Jana Hahn, Marcia Cruickshank, Desiree Frami, Brad Kuphal, Julia Toivonen, Elizabeth Brown, Wilfred Bergnaum DVM, Anna Sørensen, Mathilde Arnaud, Zita Markert, Lana Tysnes, Johanne Jørgensen, Alex Reed, Lumi Eskola, Cody Frazier, Emmeline Årdal, Silas Thomsen, Nathan Caron, Lidia Cruz, Sabino Nogueira, Ms. Sonia Bode, Andy Chambers, Fletcher Roberts, Fredrick Stoltenberg, Roosevelt Robel, Clifton Stark, Sidney Waelchi, Gilbert Kozey DDS, Jimmy Wilderman, Stuart Harber, Pearl Mills, Naomi Parker, Ronald Predovic, Nicholas Kerluke, Supta, Noel Strosin, JMeter user 3700, JMeter user 2447, JMeter user 5285, JMeter user 4286, JMeter user 3528, Gayle Fisher, Traci Dibbert, Lila Schmeler, Mr. Guillermo Glover, Preston Nitzsche, Harriet Armstrong, Elizabeth Haley, Wilma Reynolds, asif mahmood, Roberta Wuckert, asifa mahmoodulaa, asifa mahmoodulaa 9967, Mr. Linda Walsh, Alison Krajcik, Eddie Mueller I, Clay Kling, Kirk Reilly, Robyn Green, Jimmie Spencer, Tracy Mitchell DVM, Roberto Grady, JMeter user 8644, JMeter user 9899, JMeter user 2308, JMeter user 4906, JMeter user 3660, JMeter user 5981, JMeter user 7496, Annette Stiedemann, Antonio Bogan, Emrullah Akdemir, asifa mahmoodulaa 6946, Everett Turner, Lidia Vincent, asifa mahmoodulaa 5218, Clarence Peters, JMeter user 8913, asifa mahmoodulaa 4553, Jason Boyer, Bryan Marie, Rosa Rasmussen, William Patel, Abeer  jmeter 595, Abeer  jmeter616, Abeer  jmeter500, Abeer  jmeter189, Abeer  jmeter338, Abeer  jmeter757, Abeer  jmeter830, Abeer  jmeter153, Abeer  jmeter656, Pat White, Abeer  jmeter530, Abeer  jmeter753, Winston Barrows, Abeer  jmeter832, Abeer  jmeter590, Abeer  jmeter526, Abeer  jmeter, Abeer  aajmeter, Al Amin Choudhury Abeer  jmeter235, Al Amin Choudhury Abeer  jmeter422, Al Amin Choudhury Abeer  jmeter166, Al Amin Choudhury Abeer  jmeter939, Al Amin Choudhury Abeer  jmeter384, Al Amin Choudhury Abeer  jmeter958, Al Amin Choudhury Abeer  jmeter491, Al Amin Choudhury Abeer  jmeter472, Al Amin Choudhury Abeer  jmeter681, Al Amin Choudhury Abeer  jmeter851, Al Amin Choudhury Abeer  jmeter213, Al Amin Choudhury Abeer  jmeter289, Al Amin Choudhury Abeer  jmeter713, Al Amin Choudhury Abeer  jmeter138, Al Amin Choudhury Abeer  jmeter674, Al Amin Choudhury Abeer  jmeter890, Al Amin Choudhury Abeer  jmeter711, Al Amin Choudhury Abeer  jmeter537, Al Amin Choudhury Abeer  jmeter840, Al Amin Choudhury Abeer  jmeter667, Al Amin Choudhury Abeer  jmeter844, Al Amin Choudhury Abeer  jmeter741, Al Amin Choudhury Abeer  jmeter771, Al Amin Choudhury Abeer  jmeter940, Al Amin Choudhury Abeer  jmeter387, Al Amin Choudhury Abeer  jmeter568, Al Amin Choudhury Abeer  jmeter570, Al Amin Choudhury Abeer  jmeter179, Al Amin Choudhury Abeer  jmeter447, Al Amin Choudhury Abeer  jmeter416, Al Amin Choudhury Abeer  jmeter512, Al Amin Choudhury Abeer  jmeter245, Al Amin Choudhury Abeer  jmeter596, Al Amin Choudhury Abeer  jmeter121, Al Amin Choudhury Abeer  jmeter245, Al Amin Choudhury Abeer  jmeter428, Al Amin Choudhury Abeer  jmeter648, Al Amin Choudhury Abeer  jmeter925, Al Amin Choudhury Abeer  jmeter108, Al Amin Choudhury Abeer  jmeter469, Al Amin Choudhury Abeer  jmeter838, Al Amin Choudhury Abeer  jmeter455, Al Amin Choudhury Abeer  jmeter915, Al Amin Choudhury Abeer  jmeter956, Al Amin Choudhury Abeer  jmeter689, Al Amin Choudhury Abeer  jmeter430, Al Amin Choudhury Abeer  jmeter595, Al Amin Choudhury Abeer  jmeter813, Al Amin Choudhury Abeer  jmeter927, Al Amin Choudhury Abeer  jmeter793, Al Amin Choudhury Abeer  jmeter678, Al Amin Choudhury Abeer  jmeter885, Al Amin Choudhury Abeer  jmeter878, Al Amin Choudhury Abeer  jmeter565, Al Amin Choudhury Abeer  jmeter514, Al Amin Choudhury Abeer  jmeter315, Al Amin Choudhury Abeer  jmeter820, Al Amin Choudhury Abeer  jmeter545, Al Amin Choudhury Abeer  jmeter602, Al Amin Choudhury Abeer  jmeter349, Al Amin Choudhury Abeer  jmeter711, Al Amin Choudhury Abeer  jmeter101, Al Amin Choudhury Abeer  jmeter708, Al Amin Choudhury Abeer  jmeter326, Al Amin Choudhury Abeer  jmeter418, Al Amin Choudhury Abeer  jmeter799, Al Amin Choudhury Abeer  jmeter905, Al Amin Choudhury Abeer  jmeter416, JMeter user 8470, JMeter user 4729, JMeter user 8827, Al Amin Choudhury Abeer  jmeter433, Al Amin Choudhury Abeer  jmeter470, Al Amin Choudhury Abeer  jmeter718, Al Amin Choudhury Abeer  jmeter797, Abeer  jmeter183, Al Amin Choudhury Abeer  jmeter824, Al Amin Choudhury Abeer  jmeter820, Al Amin Choudhury Abeer  jmeter750, JMeter user 4860, JMeter user 3841, JMeter user 3655, JMeter user 9130, JMeter user 6488, JMeter user 4037, JMeter user 1571, JMeter user 6649, JMeter user 9252, JMeter user 1392, JMeter user 7915, JMeter user 4790, JMeter user 3389, Nibraz Khan, Nibraz Khan, Nibraz Khan, Nibraz Khan, Nibraz Khan, Nibraz Khan, Nibraz Khan, Nibraz Khan, Nibraz Khan, Nibraz Khan, Nibraz Khan, Nibraz Khan, Nibraz Khan, Lewis Nicolas, Blake Feest MD, Rene Jerde, Wm Bergnaum, Cathy D'Amore, Jody Bartoletti, Stacey Koch, Faith Cummings, Mrs. Sonia Kautzer, Robert Emmerich, Kevin Armstrong, Carla Feest, Mrs. Kenneth Sauer, Terrance Abernathy, Jay McKenzie, Velma Torphy, Monique Hudson, Mh_Mizan, Crystal Toy, Supta, Melody Satterfield, Miss Kenneth Adams, Claude Schuppe, Robert Swift, Brent Gleichner, Randy Armstrong, Ms. Brandi Pfannerstill, Jingle bell, Frank Shields, Sheldon Rippin DDS, Jmeter user 200, Alamin, Beulah Howe, Alamina ${ranuserid}, Jmeter user 150, Alamina 7562, Alamina 9945, Alamina 4674, Alamina 1490, Jmeter user 9694, Alamina 3842, Alamina 5957, Alamina 4233, Alamina 7809, Alamina 7070, Alamina 2248, Alamina 9436, Jmeter user 9343, Alamina 4479, Alamina 4057, Alamina 3903 12, Alamina 2328 12, Alamina 60922, Alamina 34152, Jmeter user 8773, Alamina 39772, Alamina 63582, Alamina 10282, Jmeter user 2795, Jmeter user 5917, Jmeter user 8248, Jmeter user 2480, Alamina 15372, Alamina 69982, Alamina 20992, Jmeter user 6171, Alamina 52442, Alamina 60852, Alamina 91082, Alamina 56452, Alamina 12512, Alamina 19292, Alamina 87422, Alamina 24112, Jmeter user 9219, Jmeter user 8849, Alamina 92472, Alamina 39202, Jmeter user 4325, Alamina 22282, Alamina 90622, Jmeter user 5807, Alamina 28722, Alamina 43382, Alamina 77062, Alamina 14692, Jmeter user 4441, Jmeter user 3064, Alamina 34122, Alamina 69602, Alamina 25292, Alamina 10562, Alamina 95212, Alamina 14782, Alamina 32452, Alamina 60652, Alamina 14142, JMeter user 8414, JMeter user 2700, JMeter user 6073, Alamina 65272, Jean Gleason, Rodolfo Bergnaum, Vernon Blanda, Saul Keeling, Renee Barton, Natasha Mosciski, Jingle boll, Jose Keeling, Ms. Delores Buckridge, Muhammad noan, Muhammad noan, Muhammad noan 3744, Muhammad noan 7300, Json user 1859, Json user 9382, Json user 5522, Json user 1514, Json user 3639, Json user 4549, Jmeter user 5629, JMeter user 9232, JMeter user 1684, JMeter user 2804, JMeter user 5245, JMeter user 1064, JMeter user 5911, JMeter user 1643, JMeter user 6244, JMeter user 8359, JMeter user 2058, JMeter user 8890, Jmeter ${randomUserId}, JMeter user 4060, JMeter user 3665, JMeter user 6193, JMeter user 1548, JMeter user 4332, JMeter user ${randuserid}, JMeter user 4080, JMeter user 4748, JMeter user 9204, JMeter user 2077, JMeter user 5656, JMeter user 3114, JMeter user 5446, JMeter user 3852, JMeter user 8872, JMeter user 5831, JMeter user 8985, JMeter user 5276, JMeter user 2764, {{$Jmeter User 100}}, {{$Jmeter user ${randuserid}}, Jmeter user 4639, Jmeter user 8472, Jmeter user 3839, Jmeter user 7463, Jmeter user 1215, Jmeter user 1090, Jmeter user 9809, Jmeter user 7493, Jmeter user 5453, Jmeter user 6849, Jmeter user 8410, JMeter user 1580, JMeter user 8068, JMeter user 9241, JMeter user 1755, JMeter user 9735, JMeter user 5954, JMeter user 8877, JMeter user 6054, JMeter user 8502, JMeter user 7852, JMeter user 5328, JMeter user 7841, JMeter user 3868, JMeter user 7799, JMeter user 6231, JMeter user 2186, JMeter user 2583, JMeter user 9077, JMeter user 8246, JMeter user 5547, JMeter user 8385, JMeter user 4867, JMeter user 3000, JMeter user 8895, JMeter user 4843, JMeter user 7409, JMeter user 1825, JMeter user 2889, JMeter user 1085, JMeter user 1164, JMeter user 2149, JMeter user 2175, JMeter user 9624, JMeter user 7697, JMeter user 6083, JMeter user 4861, JMeter user 3137, JMeter user 8927, Marco Bashirian, JMeter user 9606, JMeter user 3344, JMeter user 8748, JMeter user 1062, JMeter user 1670, JMeter user 5367, JMeter user 9190, JMeter user 8106, JMeter user 8222, JMeter user 2222, JMeter user 9131, JMeter user 8295, JMeter user 1480, JMeter user 5572, JMeter user 2293, JMeter user 2779, JMeter user 2122, JMeter user 8358, JMeter user 1750, JMeter user 4164, JMeter user 8551, JMeter user 5909, JMeter user 6133, JMeter user 1443, JMeter user 5640, JMeter user 9088, JMeter user 5074, JMeter user 6277, JMeter user 4328, JMeter user 4820, JMeter user 3373, JMeter user 1784, JMeter user 4143, JMeter user 3731, JMeter user 7761, JMeter user 5015, JMeter user 2522, JMeter user 3264, JMeter user 5450, JMeter user 2394, JMeter user 6410, JMeter user 8806, JMeter user 2497, JMeter user 6524, JMeter user 3732, JMeter user 6060, JMeter user 8909, JMeter user 5505, JMeter user 7318, JMeter user 8750, JMeter user 2683, JMeter user 4075, JMeter user 9923, JMeter user 1606, JMeter user 8239, JMeter user 8641, JMeter user 1793, JMeter user 7192, JMeter user 4586, JMeter user 9819, JMeter user 4653, Mrs. Eduardo Stroman, Carmen Reinger, JMeter user 6936, Toby Russel III, Willis Haley, Wilma Russel PhD, Ethel Witting, Terrell Donnelly, Nathan Sipes, Ms. Franklin Witting, Becky Lebsack, JMeter user 9707, JMeter user 8305, JMeter user 6932, JMeter user 9497, JMeter user 5387, JMeter user 6864, JMeter user 5574, JMeter user 2224, JMeter user 9343, JMeter user 2482, JMeter user 8443, JMeter user 5305, JMeter user 4218, JMeter user 8861, JMeter user 1811, JMeter user 6353, JMeter user 1456, JMeter user 9124, JMeter user 8805, JMeter user 3634, JMeter user 1494, JMeter user 1295, Pamela Zulauf, JMeter user 3668, JMeter user 5423, JMeter user 2506, JMeter user 4072, JMeter user 3785, JMeter user 2218, I K 1236, JMeter user 7913, JMeter user 8992, JMeter user 1601, JMeter user 3451, JMeter user 2114, JMeter user 7988, JMeter user 3346, JMeter user 3040, JMeter user 7523, JMeter user 5663, JMeter user 9104, JMeter user 8401, JMeter user 8577, JMeter user 1023, M K 1276, JMeter user 5416, JMeter user 4381, JMeter user 4689, JMeter user 4808, JMeter user 8452, JMeter user 3227, JMeter user 1436, JMeter user 9464, JMeter user 5409, JMeter user 7612, JMeter user 1626, JMeter user 9263, JMeter user 8482, JMeter user 2906, JMeter user 9836, JMeter user 3142, JMeter user 6601, JMeter user 5503, JMeter user 3483, JMeter user 8852, MK user 7504, JMeter user 1004, JMeter user 6945, JMeter user 9005, JMeter user 3857, JMeter user 8181, JMeter user 8181, JMeter user 5777, JMeter user 9777, JMeter user 2969, JMeter user 7888, JMeter user 9746, JMeter user 7187, JMeter user 9202, JMeter user 9202, JMeter user 5200, JMeter user 5194, MK user 8344, JMeter user 3198, JMeter user 9962, JMeter user 1598, MK user 2050, MK user 3241, MK user 9270, MK user 9013, MK user 7297, Mrs. Kenny Skiles, MK user 8401, Mrs. Kenny Skiles, MK user 4273, MK user 6414, MK user 2408, JMeter user 2090, JMeter user 1132, JMeter user 6844, Mrs. Kenny Skiles, MK user 1864, Mrs. Kenny Skiles, Mrs. Kenny Skiles, MK user 3755, JMeter user 6326, Mrs. Kenny Skiles, Mrs. Kenny Skiles, MK user 9823, Mrs. Kenny Skiles, Mrs. Kenny Skiles, MK user 1958, MK user 8955, MK user 4836, MK user 4485, MK user 8525, MK user 4035, MK user 2418, John Mac Rio , JMeter user 1862, JMeter user 7161, JMeter user 6467, JMeter user 8816, JMeter user 2361, JMeter user 3405, JMeter user 2500, John H Done, Charles Chu, Mrs. Kenny Skiles, Mrs. Kenny Skiles, Mrs. Kenny Skiles, Mrs. Kenny Skiles, Mrs. Kenny Skiles, Mrs. Kenny Skiles, JMeter user 7195, JMeter user 7635, Mrs. Kenny Skiles, JMeter user 7299, Mrs. Kenny Skiles, Mrs. Kenny Skiles, Mrs. Kenny Skiles, Mrs. Kenny Skiles, Mrs. Kenny Skiles, Mrs. Kenny Skiles, Mrs. Kenny Skiles, Mrs. Kenny Skiles, Mrs. Kenny Skiles, Mrs. Kenny Skiles, Mrs. Kenny Skiles, JMeter user 7425, Mrs. Kenny Skiles, JMeter user 8250, Mr John Done, JMeter user 6200, JMeter user 5821, JMeter user 5939, JMeter user 4817, JMeter user 5825, Mrs. Kenny Skiles, Mrs. Kenny Skiles, Muriel Bradtke, Kristine Feeney, Francis Hills, Elijah Fadel, Jessie Heaney, JMeter user 4815, automation test, Amir, Albane, Solomon, Sazzad Hossazin, Sofia, Eli, Irina, Millie, Af?ar, Mateusz, Rick, Ezra, ????, Adrián Benítez, Carmen Reinger, Sandro Chevalier, Gabrielle Morin, Nikolaj Jensen, rakhi, Mr. Veronica Bartell, Jimmie Conn, Pete Reilly, Geneva Schumm, Edwin Gibson, Juan Frami, Gary Parisian, Mrs. Bertha Borer, Ms. Elsie Schuppe, Darlene Leuschke Jr., Forrest Thiel, Rafael Herman, JMeter user 101, JMeter user 4173, JMeter user 7631, JMeter user 9631, JMeter user 5370, JMeter user 2397, JMeter user 7407, JMeter user 6069, JMeter user 8649, JMeter user 8012, JMeter user 7328, Neil Weimann, Marcia Skiles, Ellis Dare DVM, Arlo Hall, Waino  Reichert  Glenda Adams, Grishma Ramesh, Valerie Rau, Arturo Kihn, Esther Stamm, Jan Funk, Thelma Wehner, Elizabeth Kihn, Alton Rau, Paul Champlin, Dr. Adam Spinka, Väinö Wuori, Joe Lakin, Darnell Weissnat, Carrie Krajcik, James Friesen PhD, Lionel Connelly, Dean Kautzer, Miss Marian Powlowski, Julia Christiansen, Camille Denesik, Adrienne Smitham II, Kristine Johnson, Joanna Prohaska, Jenna Swaniawski Sr., Latoya Nikolaus, Clint Kuhn, Abel Schimmel, Hugo Ebert, Blake Haley, Nelson D'Amore II, Miranda Donnelly, Delia Zulauf PhD, Lindsey Walter, Rosalie Schaefer, Gerard Stokes, Larry Lowe, Troy Armstrong, Nagesh Chiplunkar, Amber Hermann PhD, Olga Bins, Kellie Funk Sr., Karl Hilpert, Joe Treutel, Dave Kris, Ms. Nathan Ward, Patsy Cummings, Joanna Stehr, Lonnie McKenzie, Paul Sporer, Elsie Thompson, Lyle Kertzmann, Helen Ratke, Raymond Woods, Cathy Bartell, Dr. Hazel Bradtke, Garrett Weber, Jacqueline Dibbert, Shane Thiel, Pam Zemlak MD, Lindsay Grimes, Belinda Bauch, Drew Pacocha, Fernando Goldner V, Christina Beer, Clarence Walter, Santiago Hickle, Eva Greenfelder, Viola Heller, Teri DuBuque, Maria Kovacek, Jared Treutel, Jeremiah Simonis, Marion Wiza, Melvin Streich, Amanda Kassulke, Miss Nellie Auer, Tester 5957, Tester 3343, Tester 9094]
{"message":"User list","count":3128,"users":[{"id":33,"name":"Diane Schultz","email":"Alysha_Kulas23@hotmail.com","password":"1234","phone_number":"01525485222","nid":"9588f9c5-e228-4bb7-8e66-851a4e65df4f","role":"Customer","createdAt":"2022-02-02T11:05:49.000Z","updatedAt":"2022-02-02T11:05:49.000Z","balance":0},{"id":34,"name":"Rasel","email":"rasel@test.com","password":"1234","phone_number":"01975339255","nid":"6b113fe9-635f-4a7c-8216-5fd59d036dab","role":"Agent","createdAt":"2022-02-02T11:05:54.000Z","updatedAt":"2022-02-02T11:05:54.000Z","balance":0},{"id":35,"name":"Jose Hane I","email":"Aric_Russel53@hotmail.com","password":"1234","phone_number":"01524995076","nid":"8b99fee7-7955-4dcf-b97e-add200435623","role":"Customer","createdAt":"2022-02-02T11:22:36.000Z","updatedAt":"2022-02-02T11:22:36.000Z","balance":0},{"id":36,"name":"Hope Pouros","email":"Hubert.Hauck@gmail.com","password":"1234","phone_number":"01521170549","nid":"04021a9f-732a-4eb1-9687-64494a5f4dd1","role":"Customer","createdAt":"2022-02-02T11:22:36.000Z","updatedAt":"2022-02-02T11:22:36.000Z","balance":0},{"id":37,"name":"Clifton DuBuque","email":"Lambert.Nitzsche@gmail.com","password":"1234","phone_number":"01525033109","nid":"d7d9507c-08be-41b5-af3a-121a78932fae","role":"Customer","createdAt":"2022-02-02T11:24:58.000Z","updatedAt":"2022-02-02T11:24:58.000Z","balance":0},{"id":38,"name":"Miguel Gleason","email":"Rae56@hotmail.com","password":"1234","phone_number":"01524985053","nid":"3b65608b-2740-4450-aeee-251c5af5a509","role":"Customer","createdAt":"2022-02-02T11:24:58.000Z","updatedAt":"2022-02-02T11:24:58.000Z","balance":0},{"id":39,"name":"Akram Uddin","email":"Kaitlin_Abernathy@hotmail.com","password":"Qv53cDzYGQ2IAqt","phone_number":"01701019351","nid":"1458208","role":"Customer","createdAt":"2022-02-02T11:24:59.000Z","updatedAt":"2022-06-28T20:06:36.000Z","balance":0},{"id":41,"name":"Madeline Prosacco","email":"Nona87@hotmail.com","password":"1234","phone_number":"01524085999","nid":"315cd20c-35a4-423e-9173-b63f6a6c1cea","role":"Customer","createdAt":"2022-02-02T11:30:09.000Z","updatedAt":"2022-02-02T11:30:09.000Z","balance":0},{"id":42,"name":"Sergio Hoppe","email":"Jerald.Carter82@hotmail.com","password":"1234","phone_number":"01527185349","nid":"426d6f14-28db-4994-95fc-4cce67968b51","role":"Customer","createdAt":"2022-02-02T11:32:25.000Z","updatedAt":"2022-02-02T11:32:25.000Z","balance":0},{"id":43,"name":"Sabbiri","email":"sabbir.sqa@grr.la","password":"1234","phone_number":"01100000001","nid":"1234567890","role":"Customer","createdAt":"2022-02-02T11:32:25.000Z","updatedAt":"2022-07-24T17:04:30.000Z","balance":0},{"id":44,"name":"Utshow","email":"amir@test.com","password":"1234","phone_number":"01975654321","nid":"6738cf86-46e1-456e-951c-394a4da59ee7","role":"Agent","createdAt":"2022-02-02T11:32:26.000Z","updatedAt":"2022-07-24T17:04:43.000Z","balance":0},{"id":45,"name":"Raymond Windler","email":"Fabiola.Klein@hotmail.com","password":"1234","phone_number":"01528784717","nid":"f9847a8f-a254-420c-a189-1e38b204e402","role":"Customer","createdAt":"2022-02-02T17:54:36.000Z","updatedAt":"2022-02-02T17:54:36.000Z","balance":0},{"id":46,"name":"Kathryn Aufderhar","email":"Hailee.Funk91@hotmail.com","password":"1234","phone_number":"01528463485","nid":"54646464","role":"Agent","createdAt":"2022-02-02T17:54:43.000Z","updatedAt":"2022-08-09T16:06:32.000Z","balance":0},{"id":47,"name":"Peter Wilderman","email":"Adella.Beier26@yahoo.com","password":"1234","phone_number":"01529544898","nid":"3ded6e00-525f-42c7-86fe-6f2247f1539a","role":"Customer","createdAt":"2022-02-02T18:42:19.000Z","updatedAt":"2022-02-02T18:42:19.000Z","balance":0},{"id":48,"name":"Latoya Parker","email":"Peter97@yahoo.com","password":"1234","phone_number":"01322828397","nid":"9f3e2245-c41c-4375-9fc0-b323c04b9ecb","role":"Customer","createdAt":"2022-02-02T18:57:04.000Z","updatedAt":"2022-02-02T18:57:04.000Z","balance":0},{"id":49,"name":"Ms. Alfredo Anderson","email":"Niko_OKeefe38@gmail.com","password":"1234","phone_number":"01329131325","nid":"6c2d38a2-afc7-4443-b471-4e7ba702bbf1","role":"Customer","createdAt":"2022-02-02T19:02:35.000Z","updatedAt":"2022-02-02T19:02:35.000Z","balance":0},{"id":50,"name":"Salman Rahman","email":"salman@grr.la","password":"1234","phone_number":"01625406459","nid":"1046bb16-5dba-41c7-8b59-4fd7f0320240","role":"Customer","createdAt":"2022-02-02T19:03:07.000Z","updatedAt":"2022-04-01T03:46:44.000Z","balance":0},{"id":51,"name":"Travis Auer","email":"Sanford_Grimes@yahoo.com","password":"1234","phone_number":"01625406459","nid":"b2e611d9-2b61-4a96-b23b-189125071bc1","role":"Customer","createdAt":"2022-02-02T19:05:19.000Z","updatedAt":"2022-04-01T03:20:21.000Z","balance":0},{"id":52,"name":"Mrs. Alan Schmidt","email":"Rex72@yahoo.com","password":"1234","phone_number":"01625406459","nid":"ef86e1c4-e531-4a02-b91c-6fac16abe408","role":"Customer","createdAt":"2022-02-02T19:14:14.000Z","updatedAt":"2022-04-01T05:53:53.000Z","balance":0},{"id":53,"name":"Sylvia Stroman","email":"Misty.Rolfson@hotmail.com","password":"1234","phone_number":"01324384464","nid":"5d89b212-ba16-48fd-bb3b-f087c240846f","role":"Customer","createdAt":"2022-02-02T19:15:18.000Z","updatedAt":"2022-02-02T19:15:18.000Z","balance":0},{"id":54,"name":"Bill Feest","email":"Tillman31@gmail.com","password":"1234","phone_number":"01325364226","nid":"74408231-b9c0-4e51-8f52-8911244fb19e","role":"Customer","createdAt":"2022-02-02T19:15:19.000Z","updatedAt":"2022-02-02T19:15:19.000Z","balance":0},{"id":55,"name":"Phillip Leffler","email":"Icie_Conroy@hotmail.com","password":"1234","phone_number":"01322009274","nid":"8267966d-53b3-47e1-beeb-63e2028f05c4","role":"Customer","createdAt":"2022-02-02T19:15:20.000Z","updatedAt":"2022-02-02T19:15:20.000Z","balance":0},{"id":56,"name":"Naomi Smitham","email":"Amara44@hotmail.com","password":"1234","phone_number":"01322802104","nid":"d3ab7b24-40c6-41d0-90c7-7fa34ba4bac4","role":"Customer","createdAt":"2022-02-02T19:15:23.000Z","updatedAt":"2022-02-02T19:15:23.000Z","balance":0},{"id":57,"name":"Janis McClure","email":"Alexandrea_Ondricka@hotmail.com","password":"1234","phone_number":"01325208855","nid":"509010d1-f97f-4acd-97e6-97762c714ecb","role":"Customer","createdAt":"2022-02-02T19:15:24.000Z","updatedAt":"2022-02-02T19:15:24.000Z","balance":0},{"id":58,"name":"Kathleen Kuphal DVM","email":"Jannie_Hartmann27@yahoo.com","password":"1234","phone_number":"01326384303","nid":"b0be72b3-3321-4d66-81fc-df6b318f75c5","role":"Customer","createdAt":"2022-02-02T19:15:24.000Z","updatedAt":"2022-02-02T19:15:24.000Z","balance":0},{"id":59,"name":"Juana Reynolds","email":"Nelda.Aufderhar65@hotmail.com","password":"1234","phone_number":"01327097723","nid":"490b02e0-8890-4ef1-bd89-9cb11b7f814d","role":"Customer","createdAt":"2022-02-02T19:15:26.000Z","updatedAt":"2022-02-02T19:15:26.000Z","balance":0},{"id":60,"name":"Warren Beer","email":"Ressie61@yahoo.com","password":"1234","phone_number":"01327408898","nid":"6144a799-9af4-48a4-ac6c-a2ffd148156c","role":"Customer","createdAt":"2022-02-02T19:23:34.000Z","updatedAt":"2022-02-02T19:23:34.000Z","balance":0},{"id":61,"name":"AVS","email":"ahauih@gmail.com","password":"1234","phone_number":"018456265","nid":"ced23324-3a82-485e-bfc9-699f609b98e5","role":"Agent","createdAt":"2022-02-02T19:49:56.000Z","updatedAt":"2022-02-02T19:49:56.000Z","balance":0},{"id":62,"name":"aa","email":"aa@gmail.com","password":"1234","phone_number":"01475858596","nid":"42986675-acc2-4611-be39-f2dfcab91694","role":"Agent","createdAt":"2022-02-02T19:52:18.000Z","updatedAt":"2022-02-02T19:52:18.000Z","balance":0},{"id":64,"name":"abid","email":"abid@gmail.com","password":"14","phone_number":"01683201822","nid":"9a48f071-d92d-4aa8-b9cd-f8278893d481","role":"Agent","createdAt":"2022-02-02T19:58:08.000Z","updatedAt":"2022-02-02T19:58:08.000Z","balance":0},{"id":66,"name":"Armani","email":"Evangeline95@hotmail.com","password":"14","phone_number":"0144558667","nid":"ef5aa586-d4f4-43f1-9130-b9b2615aded7","role":"Agent","createdAt":"2022-02-02T19:59:28.000Z","updatedAt":"2022-02-02T19:59:28.000Z","balance":0},{"id":67,"name":"Loyal","email":"Randall_Kerluke@hotmail.com","password":"123456789","phone_number":"468-498-7997","nid":"2afd3548-d193-4c1e-ba07-580724665c7b","role":"Agent","createdAt":"2022-02-02T20:02:39.000Z","updatedAt":"2022-02-02T20:02:39.000Z","balance":0},{"id":68,"name":"Cooper","email":"Katrina_Keebler@gmail.com","password":"123456789","phone_number":"{{phone}}","nid":"59419d1a-8bb4-42db-80b0-a515aa5c62cf","role":"Agent","createdAt":"2022-02-02T20:03:03.000Z","updatedAt":"2022-02-02T20:03:03.000Z","balance":0},{"id":69,"name":"Katrine","email":"Agustin_Powlowski@hotmail.com","password":"123456789","phone_number":"475-949-3451","nid":"a34dbee9-5b85-468c-8610-5a2a15cf598c","role":"Agent","createdAt":"2022-02-02T20:08:57.000Z","updatedAt":"2022-02-02T20:08:57.000Z","balance":0},{"id":70,"name":"Mike Rohan","email":"Jonas_Mosciski80@yahoo.com","password":"1234","phone_number":"01324357980","nid":"78f5ba84-aef4-4c23-8f70-545604abf88a","role":"Customer","createdAt":"2022-02-02T20:10:09.000Z","updatedAt":"2022-02-02T20:10:09.000Z","balance":0},{"id":71,"name":"Carlotta","email":"Micaela_Von@yahoo.com","password":"123456789","phone_number":"995-273-8551","nid":"1ff76489-2a30-4b64-9cab-9ed2372abae8","role":"Agent","createdAt":"2022-02-02T20:10:22.000Z","updatedAt":"2022-02-02T20:10:22.000Z","balance":0},{"id":72,"name":"Rolando Treutel","email":"Olen45@yahoo.com","password":"1234","phone_number":"01522230317","nid":"a297cf88-4881-4eb7-8f96-41ea9d78fcba","role":"Customer","createdAt":"2022-02-02T20:11:33.000Z","updatedAt":"2022-02-02T20:11:33.000Z","balance":0},{"id":73,"name":"Brenda","email":"Therese.Dietrich13@hotmail.com","password":"1234","phone_number":"{{$phone_number}}","nid":"bc40a631-9b36-4cf2-9a58-db16d8a4757a","role":"Agent","createdAt":"2022-02-02T20:13:20.000Z","updatedAt":"2022-02-02T20:13:20.000Z","balance":0},{"id":74,"name":"Alex","email":"Sharon_Crist@hotmail.com","password":"1234","phone_number":"{{rand_ph_num}}","nid":"5efef378-f9a2-4e39-a60f-59732fd2936a","role":"Agent","createdAt":"2022-02-02T20:14:13.000Z","updatedAt":"2022-02-02T20:14:13.000Z","balance":0},{"id":75,"name":"Laurence Ryan","email":"Destiny_Kutch29@hotmail.com","password":"1234","phone_number":"01325289021","nid":"a5ad0bed-c0e1-4b57-9506-3d56c5265615","role":"Customer","createdAt":"2022-02-02T20:18:00.000Z","updatedAt":"2022-02-02T20:18:00.000Z","balance":0},{"id":76,"name":"Christa","email":"Kristin.Howe24@hotmail.com","password":"123456789","phone_number":"0191975787","nid":"9f6eb207-842f-4a06-86bf-e8c3bc6fbe6d","role":"Agent","createdAt":"2022-02-02T20:20:47.000Z","updatedAt":"2022-02-02T20:20:47.000Z","balance":0},{"id":77,"name":"Judy","email":"Angelica_Dickens1@yahoo.com","password":"123456789","phone_number":"0191931119","nid":"cd2fc3ea-9d5b-432e-92c3-18984f02332b","role":"Agent","createdAt":"2022-02-02T20:22:09.000Z","updatedAt":"2022-02-02T20:22:09.000Z","balance":1000},{"id":78,"name":"Al Pacocha","email":"Shanna_Zulauf91@hotmail.com","password":"1234","phone_number":"01329065317","nid":"750f8d01-0a41-4d58-a328-42e1ef615783","role":"Customer","createdAt":"2022-02-02T20:27:32.000Z","updatedAt":"2022-02-02T20:27:32.000Z","balance":1065},{"id":79,"name":"Juana Mraz","email":"Shanon_DuBuque90@gmail.com","password":"1234","phone_number":"01322430583","nid":"4a88ba47-34c5-42e9-b5f9-639492ccc937","role":"Customer","createdAt":"2022-02-02T21:08:36.000Z","updatedAt":"2022-02-02T21:08:36.000Z","balance":0},{"id":80,"name":"Danika","email":"Adeline2@gmail.com","password":"123456789","phone_number":"0191953769","nid":"160b3008-ac4e-459b-b105-275f5f9252fc","role":"Agent","createdAt":"2022-02-02T21:08:36.000Z","updatedAt":"2022-02-02T21:08:36.000Z","balance":0},{"id":81,"name":"Nathaniel Purdy MD","email":"Jerrod_Halvorson63@yahoo.com","password":"1234","phone_number":"01324088041","nid":"76b3500a-69bc-4007-b757-4a6335c6c72a","role":"Customer","createdAt":"2022-02-02T21:09:34.000Z","updatedAt":"2022-02-02T21:09:34.000Z","balance":185},{"id":82,"name":"Aryanna","email":"Naomie16@yahoo.com","password":"123456789","phone_number":"0191949766","nid":"4c32fba2-da7b-4ec2-ac33-0a707645a1e7","role":"Agent","createdAt":"2022-02-02T21:09:35.000Z","updatedAt":"2022-02-02T21:09:35.000Z","balance":500},{"id":83,"name":"Julie Dickinson","email":"Madelynn_Larkin18@hotmail.com","password":"1234","phone_number":"01322887401","nid":"53c431fd-afab-45e1-abd3-7cd747c20cb5","role":"Customer","createdAt":"2022-02-02T21:10:05.000Z","updatedAt":"2022-02-02T21:10:05.000Z","balance":185},{"id":84,"name":"Casper","email":"Titus35@hotmail.com","password":"123456789","phone_number":"019192726","nid":"85609acf-78fb-4412-ae2a-d3e39d6f29ba","role":"Agent","createdAt":"2022-02-02T21:10:05.000Z","updatedAt":"2022-02-02T21:10:05.000Z","balance":500},{"id":85,"name":"Monique Wunsch PhD","email":"Rusty.Schulist@yahoo.com","password":"1234","phone_number":"01321378140","nid":"1ab47264-5bb7-45ba-9949-e5710ce73e96","role":"Customer","createdAt":"2022-02-02T21:11:29.000Z","updatedAt":"2022-02-02T21:11:29.000Z","balance":185},{"id":86,"name":"Blaise","email":"Janick.Ebert@yahoo.com","password":"123456789","phone_number":"0191993490","nid":"7eb335e5-2114-4922-b5b1-d646b8243531","role":"Agent","createdAt":"2022-02-02T21:11:29.000Z","updatedAt":"2022-02-02T21:11:29.000Z","balance":500},{"id":87,"name":"Gilbert Doyle","email":"Omari_Hauck@gmail.com","password":"1234","phone_number":"01324591608","nid":"7097fd21-897f-4d82-a2cf-252fb6bf4338","role":"Customer","createdAt":"2022-02-02T21:12:48.000Z","updatedAt":"2022-02-02T21:12:48.000Z","balance":185},{"id":88,"name":"Anjali","email":"Caroline_Cummerata48@hotmail.com","password":"123456789","phone_number":"0191998988","nid":"da01d5d4-b075-4d59-b7b3-7dbfbda48cbf","role":"Agent","createdAt":"2022-02-02T21:12:48.000Z","updatedAt":"2022-02-02T21:12:48.000Z","balance":500},{"id":89,"name":"Moses Durgan","email":"Kenneth58@gmail.com","password":"1234","phone_number":"01321349794","nid":"b5ebee1a-6e68-49ff-b502-de2d8fce355f","role":"Customer","createdAt":"2022-02-03T17:33:15.000Z","updatedAt":"2022-02-03T17:33:15.000Z","balance":0},{"id":90,"name":"Lynn Sipes","email":"Haven_Bergnaum@gmail.com","password":"1234","phone_number":"01328249613","nid":"57b8d390-08f3-4cb2-8815-8a6cdf3aad02","role":"Customer","createdAt":"2022-02-03T17:33:19.000Z","updatedAt":"2022-02-03T17:33:19.000Z","balance":0},{"id":91,"name":"Mr. Lula VonRueden","email":"Jared66@gmail.com","password":"1234","phone_number":"01324209086","nid":"1f32e356-fe5c-4a0c-a375-3b0a43348261","role":"Customer","createdAt":"2022-02-03T17:33:21.000Z","updatedAt":"2022-02-03T17:33:21.000Z","balance":0},{"id":92,"name":"Rose Smitham","email":"Izaiah.Connelly0@yahoo.com","password":"1234","phone_number":"01322980573","nid":"5fe55df2-e651-4e77-b34a-ffeb97754c71","role":"Customer","createdAt":"2022-02-03T17:33:52.000Z","updatedAt":"2022-02-03T17:33:52.000Z","balance":0},{"id":93,"name":"Bobbie Becker","email":"Ross.Hahn49@yahoo.com","password":"1234","phone_number":"01522649275","nid":"270a6bce-c74c-4ddb-8391-436a049b40b7","role":"Customer","createdAt":"2022-02-03T17:48:56.000Z","updatedAt":"2022-02-03T17:48:56.000Z","balance":0},{"id":94,"name":"Rex Hane","email":"Joanny_Marvin96@hotmail.com","password":"1234","phone_number":"01528754845","nid":"2ac574f1-510e-4eb8-b091-1782a735217c","role":"Customer","createdAt":"2022-02-03T19:11:32.000Z","updatedAt":"2022-02-03T19:11:32.000Z","balance":0},{"id":95,"name":"Alicia Lemke II","email":"Vernie.Stracke59@yahoo.com","password":"1234","phone_number":"01521784947","nid":"05a86d70-6163-4703-93c4-22b729be2dc8","role":"Customer","createdAt":"2022-02-03T19:22:10.000Z","updatedAt":"2022-02-03T19:22:10.000Z","balance":0},{"id":96,"name":"Rachael Schuppe","email":"Cheyanne_McDermott64@hotmail.com","password":"1234","phone_number":"01323034667","nid":"5f639aa3-3251-49f8-a31f-742f4c815497","role":"Customer","createdAt":"2022-02-04T17:27:31.000Z","updatedAt":"2022-02-04T17:27:31.000Z","balance":1000},{"id":97,"name":"Kristine Hagenes","email":"Sadye.Hermiston@gmail.com","password":"1234","phone_number":"01326165876","nid":"1156033a-b7d1-430e-90c5-a71b300c1afd","role":"Customer","createdAt":"2022-02-04T17:44:13.000Z","updatedAt":"2022-02-04T17:44:13.000Z","balance":185},{"id":98,"name":"Yazmin","email":"Wilfred7@yahoo.com","password":"123456789","phone_number":"0191924716","nid":"4e754a21-19dc-48ac-b45a-47762bd65ee8","role":"Agent","createdAt":"2022-02-04T17:44:13.000Z","updatedAt":"2022-02-04T17:44:13.000Z","balance":500},{"id":99,"name":"Jared Littel","email":"Sofia_Schowalter48@yahoo.com","password":"1234","phone_number":"01325494027","nid":"7831fa86-50ec-49cc-8a80-77377ec551b1","role":"Customer","createdAt":"2022-02-04T17:56:54.000Z","updatedAt":"2022-02-04T17:56:54.000Z","balance":185},{"id":100,"name":"Rhoda","email":"Jaunita_Pfannerstill@hotmail.com","password":"123456789","phone_number":"0191991718","nid":"cb00d249-ef75-4fdb-a9ac-710faec84898","role":"Agent","createdAt":"2022-02-04T17:56:54.000Z","updatedAt":"2022-02-04T17:56:54.000Z","balance":500},{"id":101,"name":"Eric Ebert","email":"Eleonore.Dicki@gmail.com","password":"1234","phone_number":"01329259149","nid":"8fd505b1-cfb8-409d-ab5a-6005ae41385f","role":"Customer","createdAt":"2022-02-04T18:12:57.000Z","updatedAt":"2022-02-04T18:12:57.000Z","balance":15},{"id":102,"name":"Hortense","email":"Adele.Wunsch46@yahoo.com","password":"123456789","phone_number":"0191941751","nid":"e90ae04f-ab5a-43ef-9286-e735cab634ee","role":"Agent","createdAt":"2022-02-04T18:12:57.000Z","updatedAt":"2022-02-04T18:12:57.000Z","balance":500},{"id":103,"name":"Antoinette Marks","email":"Torey.Ferry@gmail.com","password":"1234","phone_number":"01329926646","nid":"4561ea08-0cc9-40c2-8d84-9676a7aa4a4e","role":"Customer","createdAt":"2022-02-04T18:16:18.000Z","updatedAt":"2022-02-04T18:16:18.000Z","balance":0},{"id":104,"name":"Delores","email":"Emil90@hotmail.com","password":"123456789","phone_number":"0191940346","nid":"82319064-f708-4ae9-93e5-4922291405ce","role":"Agent","createdAt":"2022-02-04T18:16:19.000Z","updatedAt":"2022-02-04T18:16:19.000Z","balance":0},{"id":105,"name":"Laurence Pouros","email":"Larry.Nader88@gmail.com","password":"1234","phone_number":"01327896998","nid":"9631a397-b622-4fb3-869f-e86c428a3353","role":"Customer","createdAt":"2022-02-04T18:20:29.000Z","updatedAt":"2022-02-04T18:20:29.000Z","balance":0},{"id":106,"name":"Dianna","email":"Donavon_Hudson@yahoo.com","password":"123456789","phone_number":"0191967632","nid":"fc02cd7f-b952-418f-b211-b0ad39d4e684","role":"Agent","createdAt":"2022-02-04T18:20:29.000Z","updatedAt":"2022-02-04T18:20:29.000Z","balance":0},{"id":107,"name":"Alvin Greenfelder DVM","email":"Matilde.Lowe94@gmail.com","password":"1234","phone_number":"01329947543","nid":"592a761f-8c64-4916-9176-6c5c3b89407b","role":"Customer","createdAt":"2022-02-04T18:25:26.000Z","updatedAt":"2022-02-04T18:25:26.000Z","balance":185},{"id":108,"name":"Tara","email":"Florian.Wisoky55@gmail.com","password":"123456789","phone_number":"0191955566","nid":"062f42d5-cb44-4f0b-98a6-3485ca864feb","role":"Agent","createdAt":"2022-02-04T18:25:26.000Z","updatedAt":"2022-02-04T18:25:26.000Z","balance":2000},{"id":109,"name":"Bryant Sipes","email":"Zachary63@hotmail.com","password":"1234","phone_number":"01325511606","nid":"2e509f9a-db52-4c09-92ef-0f6c861c4ed1","role":"Customer","createdAt":"2022-02-04T18:25:47.000Z","updatedAt":"2022-02-04T18:25:47.000Z","balance":185},{"id":110,"name":"Selina","email":"Carrie27@yahoo.com","password":"123456789","phone_number":"0191962171","nid":"6f0fc39e-aaf0-4323-8f4c-3cccbb9dd4ad","role":"Agent","createdAt":"2022-02-04T18:25:47.000Z","updatedAt":"2022-02-04T18:25:47.000Z","balance":500},{"id":111,"name":"Ms. Cristina Blick","email":"Quentin_Goldner94@gmail.com","password":"1234","phone_number":"01326668246","nid":"c36ef1ef-04be-4bca-80e1-67c212c27064","role":"Customer","createdAt":"2022-02-04T19:07:12.000Z","updatedAt":"2022-02-04T19:07:12.000Z","balance":185},{"id":112,"name":"Isac","email":"Evan6@yahoo.com","password":"123456789","phone_number":"0191943879","nid":"05106651-6979-4f64-b693-f80c15c757b3","role":"Agent","createdAt":"2022-02-04T19:07:12.000Z","updatedAt":"2022-02-04T19:07:12.000Z","balance":500},{"id":113,"name":"Ernestine Kertzmann","email":"Gabriella_Waelchi@hotmail.com","password":"1234","phone_number":"01326615637","nid":"d78d819e-428c-4439-87b9-a8a43e42042d","role":"Customer","createdAt":"2022-02-04T19:20:22.000Z","updatedAt":"2022-02-04T19:20:22.000Z","balance":185},{"id":114,"name":"Heather","email":"Lazaro_Bruen@yahoo.com","password":"123456789","phone_number":"0191957952","nid":"cfba3cd4-3a7e-4ad3-a9c2-3f7abf4b2e2c","role":"Agent","createdAt":"2022-02-04T19:20:22.000Z","updatedAt":"2022-02-04T19:20:22.000Z","balance":500},{"id":115,"name":"Jennie Schumm","email":"Nikki25@yahoo.com","password":"1234","phone_number":"01328297235","nid":"716c2279-9df8-4138-b7e6-c27ed05dcf52","role":"Customer","createdAt":"2022-02-04T19:20:23.000Z","updatedAt":"2022-02-04T19:20:23.000Z","balance":185},{"id":116,"name":"Tillman","email":"Jadyn_Kihn86@gmail.com","password":"123456789","phone_number":"0191979679","nid":"74ab8505-42c3-4a92-b0e8-e2e81e029e5a","role":"Agent","createdAt":"2022-02-04T19:20:23.000Z","updatedAt":"2022-02-04T19:20:23.000Z","balance":500},{"id":117,"name":"Meghan Fay","email":"Clotilde22@gmail.com","password":"1234","phone_number":"01529002667","nid":"ff3ae212-bd41-4b1e-af17-b41c95530f3a","role":"Customer","createdAt":"2022-02-05T06:51:46.000Z","updatedAt":"2022-02-05T06:51:46.000Z","balance":0},{"id":118,"name":"Mr. Carmona","email":"agustin.carmona@example.com","password":"1234","phone_number":"01523413743","nid":"02914d73-9282-4f8b-a041-9744ec862ba0","role":"Customer","createdAt":"2022-02-06T09:43:25.000Z","updatedAt":"2022-02-06T09:43:25.000Z","balance":0},{"id":119,"name":"JulesNoel","email":"jules.noel@example.com","password":"1234","phone_number":"01527019378","nid":"6c3037f6-674a-42c8-b6c2-ad3945c24259","role":"Customer","createdAt":"2022-02-06T10:05:31.000Z","updatedAt":"2022-02-06T10:05:31.000Z","balance":1960},{"id":120,"name":"RossHernandez","email":"ross.hernandez@example.com","password":"1234","phone_number":"01523475990","nid":"d6ccc942-47d4-4216-ba3d-6edee166999a","role":"Customer","createdAt":"2022-02-06T10:10:09.000Z","updatedAt":"2022-02-06T10:10:09.000Z","balance":0},{"id":121,"name":"JorisBourgeois","email":"joris.bourgeois@example.com","password":"1234","phone_number":"01974128039","nid":"6173a70d-dc63-4b6c-b60f-d4ae6b2de421","role":"Agent","createdAt":"2022-02-06T10:10:11.000Z","updatedAt":"2022-02-06T10:10:11.000Z","balance":0},{"id":122,"name":"Dolores Dias","email":"dolores.dias@example.com","password":"1234","phone_number":"01521446206","nid":"36287c0e-10c3-4cb6-bfed-7d124cc38013","role":"Customer","createdAt":"2022-02-06T10:13:20.000Z","updatedAt":"2022-02-06T10:13:20.000Z","balance":0},{"id":123,"name":"Danielle Lawson","email":"danielle.lawson@example.com","password":"1234","phone_number":"01972328725","nid":"3849a2b9-922c-4dcd-b589-7db4fe278e15","role":"Agent","createdAt":"2022-02-06T10:13:22.000Z","updatedAt":"2022-02-06T10:13:22.000Z","balance":0},{"id":124,"name":"Samed Nieuwendijk","email":"samed.nieuwendijk@example.com","password":"1234","phone_number":"0152502741","nid":"c84ce895-cadb-4d9c-84b0-89bbc7c69e99","role":"Customer","createdAt":"2022-02-06T10:25:42.000Z","updatedAt":"2022-02-06T10:25:42.000Z","balance":0},{"id":125,"name":"Eliana Faure","email":"eliana.faure@example.com","password":"1234","phone_number":"01978591133","nid":"44cec252-a52f-4f45-885c-69623754650f","role":"Agent","createdAt":"2022-02-06T10:25:43.000Z","updatedAt":"2022-02-06T10:25:43.000Z","balance":0},{"id":126,"name":"Simon Feil","email":"Adolfo_Hoeger@yahoo.com","password":"1234","phone_number":"01524167869","nid":"bcd3c1fa-5d2b-4e40-b402-141f23677792","role":"Customer","createdAt":"2022-02-07T14:03:28.000Z","updatedAt":"2022-02-07T14:03:28.000Z","balance":0},{"id":127,"name":"Lawrence Bradtke","email":"Alexis.Harvey@yahoo.com","password":"1234","phone_number":"01529707004","nid":"238d12f0-b288-4e95-af7c-53fc74f14de6","role":"Customer","createdAt":"2022-02-07T14:08:07.000Z","updatedAt":"2022-02-07T14:08:07.000Z","balance":0},{"id":128,"name":"Janie Bode MD","email":"Jayne34@hotmail.com","password":"1234","phone_number":"01522615373","nid":"0b81a22c-42f9-4594-bb59-dd58d390e014","role":"Customer","createdAt":"2022-02-07T16:10:28.000Z","updatedAt":"2022-02-07T16:10:28.000Z","balance":0},{"id":129,"name":"Rainer Barbier","email":"rainer.barbier@example.com","password":"1234","phone_number":"0152529562","nid":"c0474512-2921-443b-93cb-9fa885e94108","role":"Customer","createdAt":"2022-02-07T16:20:24.000Z","updatedAt":"2022-02-07T16:20:24.000Z","balance":0},{"id":130,"name":"Beverley Sims","email":"beverley.sims@example.com","password":"1234","phone_number":"01524637897","nid":"1dccb6a8-783b-457f-915a-7174f0f7dde1","role":"Customer","createdAt":"2022-02-07T16:24:59.000Z","updatedAt":"2022-02-07T16:24:59.000Z","balance":0},{"id":131,"name":"Christian Day","email":"christian.day@example.com","password":"1234","phone_number":"01525434367","nid":"23c13914-72f3-4147-be46-b7c71b98d527","role":"Customer","createdAt":"2022-02-07T16:26:02.000Z","updatedAt":"2022-02-07T16:26:02.000Z","balance":0},{"id":132,"name":"Harrison Walker","email":"harrison.walker@example.com","password":"1234","phone_number":"01526184362","nid":"6cda2f03-bf4f-4084-8fc2-ddda57311499","role":"Customer","createdAt":"2022-02-07T16:28:58.000Z","updatedAt":"2022-02-07T16:28:58.000Z","balance":0},{"id":133,"name":"Maria Poulsen","email":"maria.poulsen@example.com","password":"1234","phone_number":"01971652348","nid":"ad33a78d-81c3-45b5-bb49-2af9a14d3de4","role":"Agent","createdAt":"2022-02-07T16:34:53.000Z","updatedAt":"2022-02-07T16:34:53.000Z","balance":0},{"id":134,"name":"Borja Pastor","email":"borja.pastor@example.com","password":"1234","phone_number":"01528370533","nid":"2be0b995-5add-4ae1-a1b0-4fe87336f23d","role":"Customer","createdAt":"2022-02-07T16:47:54.000Z","updatedAt":"2022-02-07T16:47:54.000Z","balance":0},{"id":135,"name":"Dan Morales","email":"dan.morales@example.com","password":"1234","phone_number":"01523230720","nid":"390d5cf0-4ac7-4429-8cf6-7e1ecb23cfbf","role":"Customer","createdAt":"2022-02-07T16:48:48.000Z","updatedAt":"2022-02-07T16:48:48.000Z","balance":2400},{"id":136,"name":"Nathan Anderson","email":"nathan.anderson@example.com","password":"1234","phone_number":"01528669829","nid":"c04d9eca-13d1-4ab0-873a-f073ce2b6d35","role":"Customer","createdAt":"2022-02-07T16:51:07.000Z","updatedAt":"2022-02-07T16:51:07.000Z","balance":0},{"id":137,"name":"Ege Hakyemez","email":"ege.hakyemez@example.com","password":"1234","phone_number":"01526226752","nid":"5691a02c-e586-4471-8a77-2681f074b80f","role":"Customer","createdAt":"2022-02-07T16:54:18.000Z","updatedAt":"2022-02-07T16:54:18.000Z","balance":0},{"id":138,"name":"Marc Blanco","email":"marc.blanco@example.com","password":"1234","phone_number":"01528600296","nid":"b09b39b7-fc94-4703-a80a-ab7b31af8d11","role":"Customer","createdAt":"2022-02-07T17:00:19.000Z","updatedAt":"2022-02-07T17:00:19.000Z","balance":0},{"id":139,"name":"Naomi Thomas","email":"naomi.thomas@example.com","password":"1234","phone_number":"01521373109","nid":"bbdb9074-7889-42d6-ac6f-67add28c58dc","role":"Customer","createdAt":"2022-02-07T17:02:59.000Z","updatedAt":"2022-02-07T17:02:59.000Z","balance":0},{"id":140,"name":"Jonathan Garcia","email":"jonathan.garcia@example.com","password":"1234","phone_number":"01528534125","nid":"8456a899-8378-4a9e-be31-e5cd3d93d1e7","role":"Customer","createdAt":"2022-02-07T17:03:56.000Z","updatedAt":"2022-02-07T17:03:56.000Z","balance":0},{"id":141,"name":"Lucy Taylor","email":"lucy.taylor@example.com","password":"1234","phone_number":"01522454963","nid":"ae798a1f-d796-4716-9229-595e0899d2f6","role":"Customer","createdAt":"2022-02-07T17:25:40.000Z","updatedAt":"2022-02-07T17:25:40.000Z","balance":0},{"id":142,"name":"Tristan Rasmussen","email":"tristan.rasmussen@example.com","password":"1234","phone_number":"01527228602","nid":"edcd6575-f6e3-4ad2-b237-174d4e0c9ea9","role":"Customer","createdAt":"2022-02-07T17:28:46.000Z","updatedAt":"2022-02-07T17:28:46.000Z","balance":0},{"id":144,"name":"Dianne Ratke PhD","email":"Esther_Gorczany79@hotmail.com","password":"1234","phone_number":"01522863392","nid":"e063a905-0875-47d3-97d0-0da48ba27907","role":"Customer","createdAt":"2022-02-07T17:33:00.000Z","updatedAt":"2022-02-07T17:33:00.000Z","balance":0},{"id":145,"name":"Ashley Doyle","email":"Cornelius_Wyman9@gmail.com","password":"1234","phone_number":"01527003971","nid":"2e87d425-8e48-4c71-9791-95db77bb60c8","role":"Customer","createdAt":"2022-02-07T17:33:43.000Z","updatedAt":"2022-02-07T17:33:43.000Z","balance":0},{"id":146,"name":"Renee Pollich","email":"Jessy_Wunsch0@gmail.com","password":"1234","phone_number":"01521379095","nid":"d4b47733-768d-48db-a681-1a97bd245f6c","role":"Customer","createdAt":"2022-02-07T17:40:31.000Z","updatedAt":"2022-02-07T17:40:31.000Z","balance":0},{"id":148,"name":"Jill Nicolas","email":"jill.nicolas@example.com","password":"1234","phone_number":"01524676597","nid":"7c25ad62-4eb9-441b-98a9-d57384bacde7","role":"Customer","createdAt":"2022-02-07T17:
[...]
mber":"7735555323","nid":"88270116","role":"Customer","createdAt":"2022-07-24T17:01:13.000Z","updatedAt":"2022-07-24T17:01:13.000Z","balance":0},{"id":4608,"name":"Valerie Rau","email":"Casey20@hotmail.com","password":"C45rGBBfKpXCKXQ","phone_number":"01505360926","nid":"1235360926","role":"Customer","createdAt":"2022-07-26T15:52:14.000Z","updatedAt":"2022-07-26T15:52:14.000Z","balance":0},{"id":4609,"name":"Arturo Kihn","email":"Rebeka_Kautzer81@yahoo.com","password":"sEMdq0J4iYyEnFM","phone_number":"01501406196","nid":"1231406196","role":"Customer","createdAt":"2022-08-01T23:34:57.000Z","updatedAt":"2022-08-01T23:34:57.000Z","balance":0},{"id":4610,"name":"Esther Stamm","email":"Lora_Mayert22@gmail.com","password":"bvmIKZ_qzxL8tPy","phone_number":"01502877455","nid":"1232877455","role":"Customer","createdAt":"2022-08-02T00:29:23.000Z","updatedAt":"2022-08-02T00:29:23.000Z","balance":0},{"id":4611,"name":"Jan Funk","email":"Alexandrea_Bode51@hotmail.com","password":"NHm31V5xajeugyD","phone_number":"01505649403","nid":"1235649403","role":"Customer","createdAt":"2022-08-02T00:33:15.000Z","updatedAt":"2022-08-02T00:33:15.000Z","balance":0},{"id":4613,"name":"Thelma Wehner","email":"Jazmyne.Ritchie97@gmail.com","password":"dctS048cMbv7u8u","phone_number":"01512547896","nid":"1233458038","role":"Customer","createdAt":"2022-08-02T23:45:47.000Z","updatedAt":"2022-08-03T00:10:56.000Z","balance":0},{"id":4614,"name":"Elizabeth Kihn","email":"Granville_Keeling98@hotmail.com","password":"TNCy0PT8LSnAKw_","phone_number":"01512547896","nid":"1235896709","role":"Customer","createdAt":"2022-08-03T00:11:54.000Z","updatedAt":"2022-08-03T00:16:58.000Z","balance":0},{"id":4617,"name":"Alton Rau","email":"Charlene60@gmail.com","password":"JpkLu7CBwCkPh0L","phone_number":"01504184752","nid":"1234184752","role":"Customer","createdAt":"2022-08-03T00:23:11.000Z","updatedAt":"2022-08-03T00:23:11.000Z","balance":0},{"id":4618,"name":"Paul Champlin","email":"Ashton.Hansen15@gmail.com","password":"UpozbUjuAlrJw0W","phone_number":"01504267079","nid":"1234267079","role":"Customer","createdAt":"2022-08-03T03:15:09.000Z","updatedAt":"2022-08-03T03:15:09.000Z","balance":0},{"id":4619,"name":"Dr. Adam Spinka","email":"Bruce37@gmail.com","password":"8AIFvblh8p5VlKe","phone_number":"01506525380","nid":"1236525380","role":"Customer","createdAt":"2022-08-03T03:16:29.000Z","updatedAt":"2022-08-03T03:16:29.000Z","balance":0},{"id":4623,"name":"Väinö Wuori","email":"vaino.wuori@example.com","password":"1234","phone_number":"03-820-562","nid":"95941077","role":"Customer","createdAt":"2022-08-03T11:58:57.000Z","updatedAt":"2022-08-03T11:58:57.000Z","balance":0},{"id":4625,"name":"Joe Lakin","email":"Cortney_Hodkiewicz@gmail.com","password":"WZVcCmqYvF8HW1X","phone_number":"01504122980","nid":"1234122980","role":"Customer","createdAt":"2022-08-03T13:52:56.000Z","updatedAt":"2022-08-03T13:52:56.000Z","balance":0},{"id":4626,"name":"Darnell Weissnat","email":"Madge42@yahoo.com","password":"nW_sW9T8GcsF99H","phone_number":"01506853108","nid":"1236853108","role":"Customer","createdAt":"2022-08-03T13:53:07.000Z","updatedAt":"2022-08-03T13:53:07.000Z","balance":0},{"id":4627,"name":"Carrie Krajcik","email":"Easter.Bernhard@hotmail.com","password":"ZtRv8DoSTHyXUxH","phone_number":"01504746195","nid":"1234746195","role":"Customer","createdAt":"2022-08-03T13:53:10.000Z","updatedAt":"2022-08-03T13:53:10.000Z","balance":0},{"id":4628,"name":"James Friesen PhD","email":"Dale35@yahoo.com","password":"_x47mmmkFGIdARQ","phone_number":"01503550054","nid":"1233550054","role":"Customer","createdAt":"2022-08-03T13:53:11.000Z","updatedAt":"2022-08-03T13:53:11.000Z","balance":0},{"id":4629,"name":"Lionel Connelly","email":"Fausto35@hotmail.com","password":"llvJrEbdBfjAGJM","phone_number":"01509467199","nid":"1239467199","role":"Customer","createdAt":"2022-08-03T13:53:13.000Z","updatedAt":"2022-08-03T13:53:13.000Z","balance":0},{"id":4630,"name":"Dean Kautzer","email":"Dulce.Kuhn74@yahoo.com","password":"C_vmrKZqv7ouEdP","phone_number":"01504543315","nid":"1234543315","role":"Customer","createdAt":"2022-08-03T13:53:14.000Z","updatedAt":"2022-08-03T13:53:14.000Z","balance":0},{"id":4631,"name":"Miss Marian Powlowski","email":"Jordyn3@yahoo.com","password":"2ghJuZhlMFvPw7G","phone_number":"01504861722","nid":"1234861722","role":"Customer","createdAt":"2022-08-03T13:53:15.000Z","updatedAt":"2022-08-03T13:53:15.000Z","balance":0},{"id":4632,"name":"Julia Christiansen","email":"Giovani1@hotmail.com","password":"LT4pAtm_3M0zM6r","phone_number":"01501679798","nid":"1231679798","role":"Customer","createdAt":"2022-08-03T13:53:17.000Z","updatedAt":"2022-08-03T13:53:17.000Z","balance":0},{"id":4633,"name":"Camille Denesik","email":"Clay_Stracke@hotmail.com","password":"D1KwxES7Epz8IDj","phone_number":"01505081653","nid":"1235081653","role":"Customer","createdAt":"2022-08-03T13:53:18.000Z","updatedAt":"2022-08-03T13:53:18.000Z","balance":0},{"id":4634,"name":"Adrienne Smitham II","email":"Hunter.Shanahan@yahoo.com","password":"reIUE5rkBouzoyq","phone_number":"01503863436","nid":"1233863436","role":"Customer","createdAt":"2022-08-03T13:53:19.000Z","updatedAt":"2022-08-03T13:53:19.000Z","balance":0},{"id":4635,"name":"Kristine Johnson","email":"Stan2@hotmail.com","password":"MIVA7VCXv6UcU5B","phone_number":"01503790345","nid":"1233790345","role":"Customer","createdAt":"2022-08-03T13:53:20.000Z","updatedAt":"2022-08-03T13:53:20.000Z","balance":0},{"id":4636,"name":"Joanna Prohaska","email":"Dino.Becker13@hotmail.com","password":"kER29L9kGK5k0U0","phone_number":"01503485644","nid":"1233485644","role":"Customer","createdAt":"2022-08-03T13:53:22.000Z","updatedAt":"2022-08-03T13:53:22.000Z","balance":0},{"id":4637,"name":"Jenna Swaniawski Sr.","email":"Jarret2@hotmail.com","password":"E4QLoSobpyCPECr","phone_number":"01504291860","nid":"1234291860","role":"Customer","createdAt":"2022-08-03T13:53:23.000Z","updatedAt":"2022-08-03T13:53:23.000Z","balance":0},{"id":4638,"name":"Latoya Nikolaus","email":"Emmett70@hotmail.com","password":"fNtlZDvttOQ0Maj","phone_number":"01506995452","nid":"1236995452","role":"Customer","createdAt":"2022-08-03T13:53:25.000Z","updatedAt":"2022-08-03T13:53:25.000Z","balance":0},{"id":4639,"name":"Clint Kuhn","email":"Avery_Toy@yahoo.com","password":"ymUBsqJScqoeWZD","phone_number":"01506634655","nid":"1236634655","role":"Customer","createdAt":"2022-08-03T14:09:58.000Z","updatedAt":"2022-08-03T14:09:58.000Z","balance":0},{"id":4640,"name":"Abel Schimmel","email":"Maryjane11@gmail.com","password":"02s7oGDhpxGowrs","phone_number":"01505274516","nid":"1235274516","role":"Customer","createdAt":"2022-08-03T14:10:00.000Z","updatedAt":"2022-08-03T14:10:00.000Z","balance":0},{"id":4641,"name":"Hugo Ebert","email":"Justus_Rice@gmail.com","password":"BI9Yz5C89sTTVR4","phone_number":"01501707960","nid":"1231707960","role":"Customer","createdAt":"2022-08-03T14:10:01.000Z","updatedAt":"2022-08-03T14:10:01.000Z","balance":0},{"id":4642,"name":"Blake Haley","email":"Margarette_Botsford@yahoo.com","password":"smc1eMCAPM0qBVI","phone_number":"01503372001","nid":"1233372001","role":"Customer","createdAt":"2022-08-03T14:10:02.000Z","updatedAt":"2022-08-03T14:10:02.000Z","balance":0},{"id":4643,"name":"Nelson D'Amore II","email":"Mireille.Koelpin57@hotmail.com","password":"szAPkszQPPHV52u","phone_number":"01507416240","nid":"1237416240","role":"Customer","createdAt":"2022-08-03T14:10:03.000Z","updatedAt":"2022-08-03T14:10:03.000Z","balance":0},{"id":4644,"name":"Miranda Donnelly","email":"Maud6@yahoo.com","password":"ErGg5FZrq7fRsae","phone_number":"01501546371","nid":"1231546371","role":"Customer","createdAt":"2022-08-03T14:15:19.000Z","updatedAt":"2022-08-03T14:15:19.000Z","balance":0},{"id":4645,"name":"Delia Zulauf PhD","email":"Skye_Larson33@gmail.com","password":"8xTT2d_BSSOhRZm","phone_number":"01507202026","nid":"1237202026","role":"Customer","createdAt":"2022-08-03T14:15:21.000Z","updatedAt":"2022-08-03T14:15:21.000Z","balance":0},{"id":4647,"name":"Lindsey Walter","email":"Alene_Upton@hotmail.com","password":"5vOXX6fF1Fc_9tI","phone_number":"01503734997","nid":"1233734997","role":"Customer","createdAt":"2022-08-04T04:59:20.000Z","updatedAt":"2022-08-04T04:59:20.000Z","balance":0},{"id":4648,"name":"Rosalie Schaefer","email":"Xavier_Nader16@hotmail.com","password":"N8cPDq_8AU1mMNV","phone_number":"01506212329","nid":"1236212329","role":"Customer","createdAt":"2022-08-04T05:33:11.000Z","updatedAt":"2022-08-04T05:33:11.000Z","balance":0},{"id":4649,"name":"Gerard Stokes","email":"Damian37@yahoo.com","password":"YKSZ6BY6xsXKeLQ","phone_number":"01502519000","nid":"1232519000","role":"Customer","createdAt":"2022-08-04T07:01:20.000Z","updatedAt":"2022-08-04T07:01:20.000Z","balance":0},{"id":4650,"name":"Larry Lowe","email":"Mittie.Senger13@gmail.com","password":"EbPPR7uHsi4r4ZP","phone_number":"01504071304","nid":"1234071304","role":"Customer","createdAt":"2022-08-04T07:01:23.000Z","updatedAt":"2022-08-04T07:01:23.000Z","balance":0},{"id":4651,"name":"Troy Armstrong","email":"Christine4@yahoo.com","password":"j6AmPBYe_uUMhAp","phone_number":"01508710583","nid":"1238710583","role":"Customer","createdAt":"2022-08-04T07:01:24.000Z","updatedAt":"2022-08-04T07:01:24.000Z","balance":0},{"id":4652,"name":"Nagesh Chiplunkar","email":"nagesh.chiplunkar@example.com","password":"1234","phone_number":"9184725549","nid":"56605405","role":"Customer","createdAt":"2022-08-04T07:50:00.000Z","updatedAt":"2022-08-04T07:50:00.000Z","balance":0},{"id":4653,"name":"Amber Hermann PhD","email":"Gardner.Erdman84@yahoo.com","password":"HqqLgZj8ywg44Uf","phone_number":"01504792007","nid":"1234792007","role":"Customer","createdAt":"2022-08-04T11:17:24.000Z","updatedAt":"2022-08-04T11:17:24.000Z","balance":0},{"id":4654,"name":"Olga Bins","email":"Bernice_Howe31@hotmail.com","password":"UdRVDgiPYrTsAMT","phone_number":"01506723487","nid":"1236723487","role":"Customer","createdAt":"2022-08-04T11:33:18.000Z","updatedAt":"2022-08-04T11:33:18.000Z","balance":0},{"id":4655,"name":"Kellie Funk Sr.","email":"Raphaelle_Hintz@hotmail.com","password":"KdYc6PT7GRZyWvV","phone_number":"01506885379","nid":"1236885379","role":"Customer","createdAt":"2022-08-04T11:33:20.000Z","updatedAt":"2022-08-04T11:33:20.000Z","balance":0},{"id":4656,"name":"Karl Hilpert","email":"Sarai.Donnelly@yahoo.com","password":"8Js1u0CJTmoKNTy","phone_number":"01501240232","nid":"1231240232","role":"Customer","createdAt":"2022-08-04T11:33:22.000Z","updatedAt":"2022-08-04T11:33:22.000Z","balance":0},{"id":4657,"name":"Joe Treutel","email":"Margie_Beer@gmail.com","password":"a5hrtyYbLW3l3Up","phone_number":"01509270426","nid":"1239270426","role":"Customer","createdAt":"2022-08-04T11:38:16.000Z","updatedAt":"2022-08-04T11:38:16.000Z","balance":0},{"id":4658,"name":"Dave Kris","email":"Cindy_Hegmann@hotmail.com","password":"vffocz8G0iQxsg4","phone_number":"01681216448","nid":"121216448","role":"Customer","createdAt":"2022-08-04T12:29:02.000Z","updatedAt":"2022-08-04T12:29:02.000Z","balance":0},{"id":4659,"name":"Ms. Nathan Ward","email":"Delphia94@gmail.com","password":"jJAI32a6pxS2TYr","phone_number":"01501683266","nid":"1231683266","role":"Customer","createdAt":"2022-08-06T13:12:07.000Z","updatedAt":"2022-08-06T13:12:07.000Z","balance":0},{"id":4660,"name":"Patsy Cummings","email":"Lily_Zieme43@gmail.com","password":"n4kdCX5gUNs_bPb","phone_number":"01503025046","nid":"1233025046","role":"Customer","createdAt":"2022-08-06T13:13:24.000Z","updatedAt":"2022-08-06T13:13:24.000Z","balance":0},{"id":4661,"name":"Joanna Stehr","email":"Rahsaan.Lakin92@gmail.com","password":"JGfnlVanjkrxrCN","phone_number":"01502587089","nid":"1232587089","role":"Customer","createdAt":"2022-08-06T13:16:17.000Z","updatedAt":"2022-08-06T13:16:17.000Z","balance":0},{"id":4667,"name":"Lonnie McKenzie","email":"Matilde.Welch@hotmail.com","password":"UT8cpLObV4_TVXv","phone_number":"01502807994","nid":"1232807994","role":"Customer","createdAt":"2022-08-07T09:24:03.000Z","updatedAt":"2022-08-07T09:24:03.000Z","balance":0},{"id":4668,"name":"Paul Sporer","email":"Abdul27@yahoo.com","password":"LYgV5CGpsnYDX21","phone_number":"01501734980","nid":"1231734980","role":"Customer","createdAt":"2022-08-07T10:03:08.000Z","updatedAt":"2022-08-07T10:03:08.000Z","balance":0},{"id":4669,"name":"Elsie Thompson","email":"Carrie58@hotmail.com","password":"IoWDxn_3SBiKKYV","phone_number":"01507608513","nid":"1237608513","role":"Customer","createdAt":"2022-08-07T10:03:10.000Z","updatedAt":"2022-08-07T10:03:10.000Z","balance":0},{"id":4670,"name":"Lyle Kertzmann","email":"Tyson_Wolf@yahoo.com","password":"u54d1UY2ySXMzjY","phone_number":"01501560579","nid":"1231560579","role":"Customer","createdAt":"2022-08-07T10:03:11.000Z","updatedAt":"2022-08-07T10:03:11.000Z","balance":0},{"id":4671,"name":"Helen Ratke","email":"Alexane_Lueilwitz@yahoo.com","password":"1UFfju7zwuwaREr","phone_number":"01507473049","nid":"1237473049","role":"Customer","createdAt":"2022-08-09T02:43:33.000Z","updatedAt":"2022-08-09T02:43:33.000Z","balance":0},{"id":4672,"name":"Raymond Woods","email":"raymond.woods@example.com","password":"1234","phone_number":"071-584-3506","nid":"33408275","role":"Customer","createdAt":"2022-08-09T02:44:18.000Z","updatedAt":"2022-08-09T02:44:18.000Z","balance":0},{"id":4673,"name":"Cathy Bartell","email":"Prince10@gmail.com","password":"sfnNQMJ8Wvcmc37","phone_number":"01505887611","nid":"1235887611","role":"Customer","createdAt":"2022-08-09T05:18:20.000Z","updatedAt":"2022-08-09T05:18:20.000Z","balance":0},{"id":4674,"name":"Dr. Hazel Bradtke","email":"Roxane.Dicki@hotmail.com","password":"Ss_Ze8OsyT6a7Cq","phone_number":"01506101514","nid":"1236101514","role":"Customer","createdAt":"2022-08-09T05:18:27.000Z","updatedAt":"2022-08-09T05:18:27.000Z","balance":0},{"id":4675,"name":"Garrett Weber","email":"Miguel_Boehm@yahoo.com","password":"ooel2OQ64nen7bQ","phone_number":"01505124759","nid":"1235124759","role":"Customer","createdAt":"2022-08-09T07:48:57.000Z","updatedAt":"2022-08-09T07:48:57.000Z","balance":0},{"id":4676,"name":"Jacqueline Dibbert","email":"Claire_Schneider@gmail.com","password":"65IKn23chBiK3b5","phone_number":"01507910310","nid":"1237910310","role":"Customer","createdAt":"2022-08-09T07:50:34.000Z","updatedAt":"2022-08-09T07:50:34.000Z","balance":0},{"id":4677,"name":"Shane Thiel","email":"Cullen.Daniel36@yahoo.com","password":"JTz7AoRkCWo5wXo","phone_number":"01506464139","nid":"1236464139","role":"Customer","createdAt":"2022-08-09T07:51:29.000Z","updatedAt":"2022-08-09T07:51:29.000Z","balance":0},{"id":4678,"name":"Pam Zemlak MD","email":"Ole.Gutkowski@yahoo.com","password":"lN5vNKNn7n4mRCj","phone_number":"01502452050","nid":"1232452050","role":"Customer","createdAt":"2022-08-09T07:53:46.000Z","updatedAt":"2022-08-09T07:53:46.000Z","balance":0},{"id":4679,"name":"Lindsay Grimes","email":"Esther_Stroman@hotmail.com","password":"5h3HHE_MY6OnWuw","phone_number":"01505110900","nid":"1235110900","role":"Customer","createdAt":"2022-08-09T07:54:32.000Z","updatedAt":"2022-08-09T07:54:32.000Z","balance":0},{"id":4680,"name":"Belinda Bauch","email":"Erin.Romaguera@gmail.com","password":"hsvh2P512Kj3EAD","phone_number":"01506029563","nid":"1236029563","role":"Customer","createdAt":"2022-08-09T12:35:15.000Z","updatedAt":"2022-08-09T12:35:15.000Z","balance":0},{"id":4681,"name":"Drew Pacocha","email":"Jalon_Effertz71@yahoo.com","password":"E7jMBwV25mIyFMS","phone_number":"01503777747","nid":"1233777747","role":"Customer","createdAt":"2022-08-09T14:01:10.000Z","updatedAt":"2022-08-09T14:01:10.000Z","balance":0},{"id":4682,"name":"Fernando Goldner V","email":"Alice92@hotmail.com","password":"Bai772klVQH4ekV","phone_number":"01509741017","nid":"1239741017","role":"Customer","createdAt":"2022-08-09T14:08:15.000Z","updatedAt":"2022-08-09T14:08:15.000Z","balance":0},{"id":4683,"name":"Christina Beer","email":"Rosario.Bergstrom57@gmail.com","password":"S050aFoC6JMhb9v","phone_number":"01507460344","nid":"1237460344","role":"Customer","createdAt":"2022-08-09T15:02:11.000Z","updatedAt":"2022-08-09T15:02:11.000Z","balance":0},{"id":4684,"name":"Clarence Walter","email":"Kaitlin24@gmail.com","password":"OhIH7MY21YRXLxx","phone_number":"01508797291","nid":"1238797291","role":"Customer","createdAt":"2022-08-09T15:08:09.000Z","updatedAt":"2022-08-09T15:08:09.000Z","balance":0},{"id":4685,"name":"Santiago Hickle","email":"Felix_Barton62@yahoo.com","password":"CjIRtw8viwrugR4","phone_number":"01505554985","nid":"1235554985","role":"Customer","createdAt":"2022-08-09T15:08:11.000Z","updatedAt":"2022-08-09T15:08:11.000Z","balance":0},{"id":4686,"name":"Eva Greenfelder","email":"Magdalen_Koepp@hotmail.com","password":"OaqUerJdKJLXgvq","phone_number":"01508300523","nid":"1238300523","role":"Customer","createdAt":"2022-08-09T15:08:12.000Z","updatedAt":"2022-08-09T15:08:12.000Z","balance":0},{"id":4687,"name":"Viola Heller","email":"Sebastian.Nolan37@hotmail.com","password":"S0zCxYBLvrkOSIO","phone_number":"01509964023","nid":"1239964023","role":"Customer","createdAt":"2022-08-09T15:08:13.000Z","updatedAt":"2022-08-09T15:08:13.000Z","balance":0},{"id":4688,"name":"Teri DuBuque","email":"Heloise.Barton@gmail.com","password":"ezxYTjovYJr9jxM","phone_number":"01509225198","nid":"1239225198","role":"Customer","createdAt":"2022-08-09T15:23:45.000Z","updatedAt":"2022-08-09T15:23:45.000Z","balance":0},{"id":4689,"name":"Maria Kovacek","email":"Carroll_Reinger@yahoo.com","password":"SLjd8VUANNczWaO","phone_number":"01504046753","nid":"1234046753","role":"Customer","createdAt":"2022-08-09T15:28:29.000Z","updatedAt":"2022-08-09T15:28:29.000Z","balance":0},{"id":4690,"name":"Jared Treutel","email":"Nicole.Skiles15@yahoo.com","password":"SaZpALycMiaG_7c","phone_number":"01503146508","nid":"1233146508","role":"Customer","createdAt":"2022-08-09T15:57:32.000Z","updatedAt":"2022-08-09T15:57:32.000Z","balance":0},{"id":4691,"name":"Jeremiah Simonis","email":"August.Purdy@gmail.com","password":"RG7cHwztyWcLd9d","phone_number":"01506299917","nid":"1236299917","role":"Customer","createdAt":"2022-08-09T16:06:32.000Z","updatedAt":"2022-08-09T16:06:32.000Z","balance":0},{"id":4692,"name":"Marion Wiza","email":"Shawna57@yahoo.com","password":"rluPzvQgA5Nlhw_","phone_number":"01522953966","nid":"1232953966","role":"Customer","createdAt":"2022-08-12T02:46:24.000Z","updatedAt":"2022-08-12T02:46:24.000Z","balance":0},{"id":4693,"name":"Melvin Streich","email":"Aiden.Lindgren@yahoo.com","password":"_xvZmCkYUULgDaf","phone_number":"01526682301","nid":"1236682301","role":"Customer","createdAt":"2022-08-12T03:08:27.000Z","updatedAt":"2022-08-12T03:08:27.000Z","balance":0},{"id":4694,"name":"Amanda Kassulke","email":"Myah.Bode@hotmail.com","password":"K7JF7NcJ3jFvzZQ","phone_number":"587-708-4346","nid":"1235416098","role":"Student","createdAt":"2022-08-19T11:21:22.000Z","updatedAt":"2022-08-19T11:21:22.000Z","balance":0},{"id":4695,"name":"Miss Nellie Auer","email":"Randi.Gutkowski27@gmail.com","password":"VV26y0BmRNTcigk","phone_number":"697-985-2206","nid":"1236999538","role":"Student","createdAt":"2022-08-19T11:31:40.000Z","updatedAt":"2022-08-19T11:31:52.000Z","balance":0},{"id":4703,"name":"Tester 5957","email":"tester${random4digit@gmail.com","password":"${random4digit}","phone_number":"01876545957","nid":"5957","role":"Student","createdAt":"2022-08-19T19:44:12.000Z","updatedAt":"2022-08-19T19:44:12.000Z","balance":0},{"id":4704,"name":"Tester 3343","email":"tester3343@gmail.com","password":"3343","phone_number":"01876543343","nid":"3343","role":"Student","createdAt":"2022-08-19T19:49:05.000Z","updatedAt":"2022-08-19T19:49:05.000Z","balance":0},{"id":4705,"name":"Tester 9094","email":"tester9094@gmail.com","password":"9094","phone_number":"01876549094","nid":"9094","role":"Student","createdAt":"2022-08-19T19:59:24.000Z","updatedAt":"2022-08-19T19:59:24.000Z","balance":0}]}
]]></system-out>
  <system-err><![CDATA[]]></system-err>
</testsuite>
